[ 2012-12-15T13:18:16+08:00 ] 203.208.60.247 /
INFO: [ app_begin ] --START--
INFO: Run ReadHtmlCache Behavior [ RunTime:0.000778s ]
INFO: [ app_begin ] --END-- [ RunTime:0.000841s ]
SQL: SHOW COLUMNS FROM `basic_column` [ RunTime:0.007890s ]
SQL: SELECT `id`,`parent_id`,`name`,`path`,`show`,`pic`,`action`,`sort` FROM `basic_column` WHERE ( `parent_id` = 0 ) AND ( `show` = 1 ) ORDER BY `sort` asc  [ RunTime:0.005509s ]
SQL: SELECT `id`,`parent_id`,`name`,`path`,`show`,`pic`,`action`,`sort` FROM `basic_column` WHERE ( `action` = 'index' ) LIMIT 1   [ RunTime:0.000218s ]
SQL: SHOW COLUMNS FROM `basic_slider` [ RunTime:0.000951s ]
SQL: SELECT `id`,`title`,`intro`,`url`,`pic` FROM `basic_slider`  [ RunTime:0.000272s ]
SQL: SELECT `id`,`parent_id`,`name`,`path`,`show`,`pic`,`action`,`sort` FROM `basic_column` WHERE ( `action` = 'about' ) LIMIT 1   [ RunTime:0.000158s ]
SQL: SELECT `id`,`parent_id`,`name`,`path`,`show`,`pic`,`action`,`sort` FROM `basic_column` WHERE ( `parent_id` = 2 ) ORDER BY id asc LIMIT 1   [ RunTime:0.000120s ]
SQL: SHOW COLUMNS FROM `basic_article` [ RunTime:0.007791s ]
SQL: SELECT `id`,`parent_id`,`title`,`content`,`createtime` FROM `basic_article` WHERE ( `parent_id` = 5 ) LIMIT 1   [ RunTime:0.000455s ]
INFO: [ view_template ] --START--
INFO: Run LocationTemplate Behavior [ RunTime:-0.062334s ]
INFO: [ view_template ] --END-- [ RunTime:0.007313s ]
INFO: [ view_parse ] --START--
INFO: Run ParseTemplate Behavior [ RunTime:-0.069727s ]
INFO: [ view_parse ] --END-- [ RunTime:0.031142s ]
INFO: [ view_filter ] --START--
INFO: Run ContentReplace Behavior [ RunTime:-0.100889s ]
INFO: Run TokenBuild Behavior [ RunTime:-0.101401s ]
INFO: Run WriteHtmlCache Behavior [ RunTime:-0.101878s ]
INFO: Run ShowRuntime Behavior [ RunTime:-0.102299s ]
INFO: [ view_filter ] --END-- [ RunTime:0.002021s ]
INFO: [ view_end ] --START--
INFO: Run ShowPageTrace Behavior [ RunTime:-0.102960s ]
INFO: [ view_end ] --END-- [ RunTime:0.000663s ]
INFO: [ view_template ] --START--
INFO: Run LocationTemplate Behavior [ RunTime:-0.103691s ]
INFO: [ view_template ] --END-- [ RunTime:-0.034050s ]
INFO: [ view_parse ] --START--
NOTIC: [2] file_get_contents(./Index/Tpl/default/Public/header.html) [<a href='function.file-get-contents'>function.file-get-contents</a>]: failed to open stream: No such file or directory /webhome/h249016/web/www/ThinkPHP/Lib/Template/ThinkTemplate.class.php 第 684 行.
NOTIC: [2] file_get_contents(./Index/Tpl/default/Public/footer.html) [<a href='function.file-get-contents'>function.file-get-contents</a>]: failed to open stream: No such file or directory /webhome/h249016/web/www/ThinkPHP/Lib/Template/ThinkTemplate.class.php 第 684 行.
INFO: Run ParseTemplate Behavior [ RunTime:-0.103855s ]
INFO: [ view_parse ] --END-- [ RunTime:-0.003004s ]
INFO: [ view_filter ] --START--
INFO: Run ContentReplace Behavior [ RunTime:-0.106579s ]
INFO: Run TokenBuild Behavior [ RunTime:-0.106652s ]
INFO: Run WriteHtmlCache Behavior [ RunTime:-0.106709s ]
INFO: Run ShowRuntime Behavior [ RunTime:-0.106738s ]
INFO: [ view_filter ] --END-- [ RunTime:-0.003659s ]
INFO: [ view_end ] --START--
INFO: Run ShowPageTrace Behavior [ RunTime:-0.106873s ]
INFO: [ view_end ] --END-- [ RunTime:-0.003250s ]
INFO: [ view_template ] --START--
INFO: Run LocationTemplate Behavior [ RunTime:-0.107016s ]
INFO: [ view_template ] --END-- [ RunTime:-0.037375s ]
INFO: [ view_parse ] --START--
INFO: Run ParseTemplate Behavior [ RunTime:-0.107187s ]
INFO: [ view_parse ] --END-- [ RunTime:-0.006339s ]
INFO: [ view_filter ] --START--
INFO: Run ContentReplace Behavior [ RunTime:-0.112959s ]
INFO: Run TokenBuild Behavior [ RunTime:-0.113025s ]
INFO: Run WriteHtmlCache Behavior [ RunTime:-0.113081s ]
INFO: Run ShowRuntime Behavior [ RunTime:-0.113110s ]
INFO: [ view_filter ] --END-- [ RunTime:-0.010049s ]
INFO: [ view_end ] --START--
INFO: Run ShowPageTrace Behavior [ RunTime:-0.113246s ]
INFO: [ view_end ] --END-- [ RunTime:-0.009624s ]

[ 2012-12-15T15:03:10+08:00 ] 192.114.71.13 /
INFO: [ app_begin ] --START--
INFO: Run ReadHtmlCache Behavior [ RunTime:0.000639s ]
INFO: [ app_begin ] --END-- [ RunTime:0.000708s ]
SQL: SHOW COLUMNS FROM `basic_column` [ RunTime:0.017116s ]
SQL: SELECT `id`,`parent_id`,`name`,`path`,`show`,`pic`,`action`,`sort` FROM `basic_column` WHERE ( `parent_id` = 0 ) AND ( `show` = 1 ) ORDER BY `sort` asc  [ RunTime:0.000193s ]
SQL: SELECT `id`,`parent_id`,`name`,`path`,`show`,`pic`,`action`,`sort` FROM `basic_column` WHERE ( `action` = 'index' ) LIMIT 1   [ RunTime:0.000560s ]
SQL: SHOW COLUMNS FROM `basic_slider` [ RunTime:0.000731s ]
SQL: SELECT `id`,`title`,`intro`,`url`,`pic` FROM `basic_slider`  [ RunTime:0.000285s ]
SQL: SELECT `id`,`parent_id`,`name`,`path`,`show`,`pic`,`action`,`sort` FROM `basic_column` WHERE ( `action` = 'about' ) LIMIT 1   [ RunTime:0.000129s ]
SQL: SELECT `id`,`parent_id`,`name`,`path`,`show`,`pic`,`action`,`sort` FROM `basic_column` WHERE ( `parent_id` = 2 ) ORDER BY id asc LIMIT 1   [ RunTime:0.000122s ]
SQL: SHOW COLUMNS FROM `basic_article` [ RunTime:0.004513s ]
SQL: SELECT `id`,`parent_id`,`title`,`content`,`createtime` FROM `basic_article` WHERE ( `parent_id` = 5 ) LIMIT 1   [ RunTime:0.007766s ]
INFO: [ view_template ] --START--
INFO: Run LocationTemplate Behavior [ RunTime:-0.048319s ]
INFO: [ view_template ] --END-- [ RunTime:0.029513s ]
INFO: [ view_parse ] --START--
INFO: Run ParseTemplate Behavior [ RunTime:-0.077910s ]
INFO: [ view_parse ] --END-- [ RunTime:0.007159s ]
INFO: [ view_filter ] --START--
INFO: Run ContentReplace Behavior [ RunTime:-0.085095s ]
INFO: Run TokenBuild Behavior [ RunTime:-0.085603s ]
INFO: Run WriteHtmlCache Behavior [ RunTime:-0.086068s ]
INFO: Run ShowRuntime Behavior [ RunTime:-0.086446s ]
INFO: [ view_filter ] --END-- [ RunTime:0.001881s ]
INFO: [ view_end ] --START--
INFO: Run ShowPageTrace Behavior [ RunTime:-0.087030s ]
INFO: [ view_end ] --END-- [ RunTime:0.000649s ]
INFO: [ view_template ] --START--
INFO: Run LocationTemplate Behavior [ RunTime:-0.087742s ]
INFO: [ view_template ] --END-- [ RunTime:-0.009915s ]
INFO: [ view_parse ] --START--
NOTIC: [2] file_get_contents(./Index/Tpl/default/Public/header.html) [<a href='function.file-get-contents'>function.file-get-contents</a>]: failed to open stream: No such file or directory /webhome/h249016/web/www/ThinkPHP/Lib/Template/ThinkTemplate.class.php 第 684 行.
NOTIC: [2] file_get_contents(./Index/Tpl/default/Public/footer.html) [<a href='function.file-get-contents'>function.file-get-contents</a>]: failed to open stream: No such file or directory /webhome/h249016/web/www/ThinkPHP/Lib/Template/ThinkTemplate.class.php 第 684 行.
INFO: Run ParseTemplate Behavior [ RunTime:-0.087896s ]
INFO: [ view_parse ] --END-- [ RunTime:-0.002841s ]
INFO: [ view_filter ] --START--
INFO: Run ContentReplace Behavior [ RunTime:-0.090474s ]
INFO: Run TokenBuild Behavior [ RunTime:-0.090544s ]
INFO: Run WriteHtmlCache Behavior [ RunTime:-0.090600s ]
INFO: Run ShowRuntime Behavior [ RunTime:-0.090628s ]
INFO: [ view_filter ] --END-- [ RunTime:-0.003498s ]
INFO: [ view_end ] --START--
INFO: Run ShowPageTrace Behavior [ RunTime:-0.090765s ]
INFO: [ view_end ] --END-- [ RunTime:-0.003087s ]
INFO: [ view_template ] --START--
INFO: Run LocationTemplate Behavior [ RunTime:-0.090888s ]
INFO: [ view_template ] --END-- [ RunTime:-0.013061s ]
INFO: [ view_parse ] --START--
INFO: Run ParseTemplate Behavior [ RunTime:-0.091037s ]
INFO: [ view_parse ] --END-- [ RunTime:-0.005984s ]
INFO: [ view_filter ] --START--
INFO: Run ContentReplace Behavior [ RunTime:-0.108340s ]
INFO: Run TokenBuild Behavior [ RunTime:-0.108409s ]
INFO: Run WriteHtmlCache Behavior [ RunTime:-0.108466s ]
INFO: Run ShowRuntime Behavior [ RunTime:-0.108495s ]
INFO: [ view_filter ] --END-- [ RunTime:-0.021363s ]
INFO: [ view_end ] --START--
INFO: Run ShowPageTrace Behavior [ RunTime:-0.108635s ]
INFO: [ view_end ] --END-- [ RunTime:-0.020958s ]

[ 2012-12-15T15:03:12+08:00 ] 192.114.71.13 /index.php/Index/products
INFO: [ route_check ] --START--
INFO: Run CheckRoute Behavior [ RunTime:0.001080s ]
INFO: [ route_check ] --END-- [ RunTime:0.001154s ]
INFO: [ app_begin ] --START--
INFO: Run ReadHtmlCache Behavior [ RunTime:-0.000361s ]
INFO: [ app_begin ] --END-- [ RunTime:0.000532s ]
SQL: SHOW COLUMNS FROM `basic_column` [ RunTime:0.000400s ]
SQL: SELECT `id`,`parent_id`,`name`,`path`,`show`,`pic`,`action`,`sort` FROM `basic_column` WHERE ( `parent_id` = 0 ) AND ( `show` = 1 ) ORDER BY `sort` asc  [ RunTime:0.000201s ]
SQL: SELECT `id`,`parent_id`,`name`,`path`,`show`,`pic`,`action`,`sort` FROM `basic_column` WHERE ( `action` = 'products' ) LIMIT 1   [ RunTime:0.000167s ]
SQL: SELECT `id`,`parent_id`,`name`,`path`,`show`,`pic`,`action`,`sort` FROM `basic_column` WHERE ( `action` = 'products' ) LIMIT 1   [ RunTime:0.000145s ]
SQL: SELECT `id`,`parent_id`,`name`,`path`,`show`,`pic`,`action`,`sort` FROM `basic_column` WHERE ( `parent_id` = 4 ) ORDER BY id asc  [ RunTime:0.000189s ]
SQL: SHOW COLUMNS FROM `basic_article` [ RunTime:0.000281s ]
SQL: SELECT `id`,`parent_id`,`title`,`content`,`createtime` FROM `basic_article` WHERE ( `parent_id` = 9 ) LIMIT 1   [ RunTime:0.000512s ]
INFO: [ view_template ] --START--
INFO: Run LocationTemplate Behavior [ RunTime:-0.012176s ]
INFO: [ view_template ] --END-- [ RunTime:0.000451s ]
INFO: [ view_parse ] --START--
INFO: Run ParseTemplate Behavior [ RunTime:-0.012695s ]
INFO: [ view_parse ] --END-- [ RunTime:0.006904s ]
INFO: [ view_filter ] --START--
INFO: Run ContentReplace Behavior [ RunTime:-0.019622s ]
INFO: Run TokenBuild Behavior [ RunTime:-0.019876s ]
INFO: Run WriteHtmlCache Behavior [ RunTime:-0.020142s ]
INFO: Run ShowRuntime Behavior [ RunTime:-0.020341s ]
INFO: [ view_filter ] --END-- [ RunTime:0.001079s ]
INFO: [ view_end ] --START--
INFO: Run ShowPageTrace Behavior [ RunTime:-0.020750s ]
INFO: [ view_end ] --END-- [ RunTime:0.000427s ]
INFO: [ view_template ] --START--
INFO: Run LocationTemplate Behavior [ RunTime:-0.021232s ]
INFO: [ view_template ] --END-- [ RunTime:-0.008622s ]
INFO: [ view_parse ] --START--
NOTIC: [2] file_get_contents(./Index/Tpl/default/Public/header.html) [<a href='function.file-get-contents'>function.file-get-contents</a>]: failed to open stream: No such file or directory /webhome/h249016/web/www/ThinkPHP/Lib/Template/ThinkTemplate.class.php 第 684 行.
NOTIC: [2] file_get_contents(./Index/Tpl/default/Public/footer.html) [<a href='function.file-get-contents'>function.file-get-contents</a>]: failed to open stream: No such file or directory /webhome/h249016/web/www/ThinkPHP/Lib/Template/ThinkTemplate.class.php 第 684 行.
NOTIC: [8] Undefined offset:  0 /webhome/h249016/web/www/Index/Runtime/Cache/c3e70fd2387e58155d8bdae694d35c7a.php 第 15 行.
NOTIC: [8] Undefined offset:  0 /webhome/h249016/web/www/Index/Runtime/Cache/c3e70fd2387e58155d8bdae694d35c7a.php 第 15 行.
NOTIC: [8] Undefined variable: islist /webhome/h249016/web/www/Index/Runtime/Cache/c3e70fd2387e58155d8bdae694d35c7a.php 第 19 行.
INFO: Run ParseTemplate Behavior [ RunTime:-0.021401s ]
INFO: [ view_parse ] --END-- [ RunTime:-0.001802s ]
INFO: [ view_filter ] --START--
INFO: Run ContentReplace Behavior [ RunTime:-0.037316s ]
INFO: Run TokenBuild Behavior [ RunTime:-0.037407s ]
INFO: Run WriteHtmlCache Behavior [ RunTime:-0.037479s ]
INFO: Run ShowRuntime Behavior [ RunTime:-0.037515s ]
INFO: [ view_filter ] --END-- [ RunTime:-0.016610s ]
INFO: [ view_end ] --START--
INFO: Run ShowPageTrace Behavior [ RunTime:-0.037700s ]
INFO: [ view_end ] --END-- [ RunTime:-0.016523s ]
INFO: [ view_template ] --START--
INFO: Run LocationTemplate Behavior [ RunTime:-0.037815s ]
INFO: [ view_template ] --END-- [ RunTime:-0.025206s ]
INFO: [ view_parse ] --START--
INFO: Run ParseTemplate Behavior [ RunTime:-0.037958s ]
INFO: [ view_parse ] --END-- [ RunTime:-0.018369s ]
INFO: [ view_filter ] --START--
INFO: Run ContentReplace Behavior [ RunTime:-0.039170s ]
INFO: Run TokenBuild Behavior [ RunTime:-0.039227s ]
INFO: Run WriteHtmlCache Behavior [ RunTime:-0.039279s ]
INFO: Run ShowRuntime Behavior [ RunTime:-0.039306s ]
INFO: [ view_filter ] --END-- [ RunTime:-0.018469s ]
INFO: [ view_end ] --START--
INFO: Run ShowPageTrace Behavior [ RunTime:-0.039434s ]
INFO: [ view_end ] --END-- [ RunTime:-0.018256s ]

[ 2012-12-15T15:03:12+08:00 ] 192.114.71.13 /index.php/Index/index
INFO: [ route_check ] --START--
INFO: Run CheckRoute Behavior [ RunTime:0.000657s ]
INFO: [ route_check ] --END-- [ RunTime:0.000731s ]
INFO: [ app_begin ] --START--
INFO: Run ReadHtmlCache Behavior [ RunTime:-0.000357s ]
INFO: [ app_begin ] --END-- [ RunTime:0.000497s ]
SQL: SHOW COLUMNS FROM `basic_column` [ RunTime:0.000492s ]
SQL: SELECT `id`,`parent_id`,`name`,`path`,`show`,`pic`,`action`,`sort` FROM `basic_column` WHERE ( `parent_id` = 0 ) AND ( `show` = 1 ) ORDER BY `sort` asc  [ RunTime:0.000209s ]
SQL: SELECT `id`,`parent_id`,`name`,`path`,`show`,`pic`,`action`,`sort` FROM `basic_column` WHERE ( `action` = 'index' ) LIMIT 1   [ RunTime:0.000158s ]
SQL: SHOW COLUMNS FROM `basic_slider` [ RunTime:0.000272s ]
SQL: SELECT `id`,`title`,`intro`,`url`,`pic` FROM `basic_slider`  [ RunTime:0.000084s ]
SQL: SELECT `id`,`parent_id`,`name`,`path`,`show`,`pic`,`action`,`sort` FROM `basic_column` WHERE ( `action` = 'about' ) LIMIT 1   [ RunTime:0.000121s ]
SQL: SELECT `id`,`parent_id`,`name`,`path`,`show`,`pic`,`action`,`sort` FROM `basic_column` WHERE ( `parent_id` = 2 ) ORDER BY id asc LIMIT 1   [ RunTime:0.000151s ]
SQL: SHOW COLUMNS FROM `basic_article` [ RunTime:0.000286s ]
SQL: SELECT `id`,`parent_id`,`title`,`content`,`createtime` FROM `basic_article` WHERE ( `parent_id` = 5 ) LIMIT 1   [ RunTime:0.000166s ]
INFO: [ view_template ] --START--
INFO: Run LocationTemplate Behavior [ RunTime:-0.012608s ]
INFO: [ view_template ] --END-- [ RunTime:0.000381s ]
INFO: [ view_parse ] --START--
INFO: Run ParseTemplate Behavior [ RunTime:-0.013040s ]
INFO: [ view_parse ] --END-- [ RunTime:0.006001s ]
INFO: [ view_filter ] --START--
INFO: Run ContentReplace Behavior [ RunTime:-0.019074s ]
INFO: Run TokenBuild Behavior [ RunTime:-0.019346s ]
INFO: Run WriteHtmlCache Behavior [ RunTime:-0.019629s ]
INFO: Run ShowRuntime Behavior [ RunTime:-0.019833s ]
INFO: [ view_filter ] --END-- [ RunTime:0.001119s ]
INFO: [ view_end ] --START--
INFO: Run ShowPageTrace Behavior [ RunTime:-0.020252s ]
INFO: [ view_end ] --END-- [ RunTime:0.000452s ]
INFO: [ view_template ] --START--
INFO: Run LocationTemplate Behavior [ RunTime:-0.020761s ]
INFO: [ view_template ] --END-- [ RunTime:-0.007782s ]
INFO: [ view_parse ] --START--
NOTIC: [2] file_get_contents(./Index/Tpl/default/Public/header.html) [<a href='function.file-get-contents'>function.file-get-contents</a>]: failed to open stream: No such file or directory /webhome/h249016/web/www/ThinkPHP/Lib/Template/ThinkTemplate.class.php 第 684 行.
NOTIC: [2] file_get_contents(./Index/Tpl/default/Public/footer.html) [<a href='function.file-get-contents'>function.file-get-contents</a>]: failed to open stream: No such file or directory /webhome/h249016/web/www/ThinkPHP/Lib/Template/ThinkTemplate.class.php 第 684 行.
INFO: Run ParseTemplate Behavior [ RunTime:-0.020915s ]
INFO: [ view_parse ] --END-- [ RunTime:-0.001877s ]
INFO: [ view_filter ] --START--
INFO: Run ContentReplace Behavior [ RunTime:-0.023304s ]
INFO: Run TokenBuild Behavior [ RunTime:-0.023375s ]
INFO: Run WriteHtmlCache Behavior [ RunTime:-0.023431s ]
INFO: Run ShowRuntime Behavior [ RunTime:-0.023461s ]
INFO: [ view_filter ] --END-- [ RunTime:-0.003112s ]
INFO: [ view_end ] --START--
INFO: Run ShowPageTrace Behavior [ RunTime:-0.023598s ]
INFO: [ view_end ] --END-- [ RunTime:-0.002895s ]
INFO: [ view_template ] --START--
INFO: Run LocationTemplate Behavior [ RunTime:-0.023719s ]
INFO: [ view_template ] --END-- [ RunTime:-0.010741s ]
INFO: [ view_parse ] --START--
INFO: Run ParseTemplate Behavior [ RunTime:-0.023871s ]
INFO: [ view_parse ] --END-- [ RunTime:-0.004833s ]
INFO: [ view_filter ] --START--
INFO: Run ContentReplace Behavior [ RunTime:-0.025151s ]
INFO: Run TokenBuild Behavior [ RunTime:-0.025238s ]
INFO: Run WriteHtmlCache Behavior [ RunTime:-0.025301s ]
INFO: Run ShowRuntime Behavior [ RunTime:-0.025338s ]
INFO: [ view_filter ] --END-- [ RunTime:-0.004958s ]
INFO: [ view_end ] --START--
INFO: Run ShowPageTrace Behavior [ RunTime:-0.025463s ]
INFO: [ view_end ] --END-- [ RunTime:-0.004762s ]

[ 2012-12-15T15:03:12+08:00 ] 192.114.71.13 /index.php/Index/about
INFO: [ route_check ] --START--
INFO: Run CheckRoute Behavior [ RunTime:0.000657s ]
INFO: [ route_check ] --END-- [ RunTime:0.000730s ]
INFO: [ app_begin ] --START--
INFO: Run ReadHtmlCache Behavior [ RunTime:-0.000353s ]
INFO: [ app_begin ] --END-- [ RunTime:0.000495s ]
SQL: SHOW COLUMNS FROM `basic_column` [ RunTime:0.000351s ]
SQL: SELECT `id`,`parent_id`,`name`,`path`,`show`,`pic`,`action`,`sort` FROM `basic_column` WHERE ( `parent_id` = 0 ) AND ( `show` = 1 ) ORDER BY `sort` asc  [ RunTime:0.000156s ]
SQL: SELECT `id`,`parent_id`,`name`,`path`,`show`,`pic`,`action`,`sort` FROM `basic_column` WHERE ( `action` = 'about' ) LIMIT 1   [ RunTime:0.000169s ]
SQL: SELECT `id`,`parent_id`,`name`,`path`,`show`,`pic`,`action`,`sort` FROM `basic_column` WHERE ( `action` = 'about' ) LIMIT 1   [ RunTime:0.000124s ]
SQL: SELECT `id`,`parent_id`,`name`,`path`,`show`,`pic`,`action`,`sort` FROM `basic_column` WHERE ( `parent_id` = 2 ) ORDER BY id asc  [ RunTime:0.000106s ]
SQL: SHOW COLUMNS FROM `basic_article` [ RunTime:0.000292s ]
SQL: SELECT `id`,`parent_id`,`title`,`content`,`createtime` FROM `basic_article` WHERE ( `parent_id` = 5 ) LIMIT 1   [ RunTime:0.000116s ]
INFO: [ view_template ] --START--
INFO: Run LocationTemplate Behavior [ RunTime:-0.010181s ]
INFO: [ view_template ] --END-- [ RunTime:0.000421s ]
INFO: [ view_parse ] --START--
INFO: Run ParseTemplate Behavior [ RunTime:-0.010675s ]
INFO: [ view_parse ] --END-- [ RunTime:0.005911s ]
INFO: [ view_filter ] --START--
INFO: Run ContentReplace Behavior [ RunTime:-0.016615s ]
INFO: Run TokenBuild Behavior [ RunTime:-0.016874s ]
INFO: Run WriteHtmlCache Behavior [ RunTime:-0.017142s ]
INFO: Run ShowRuntime Behavior [ RunTime:-0.017337s ]
INFO: [ view_filter ] --END-- [ RunTime:0.001110s ]
INFO: [ view_end ] --START--
INFO: Run ShowPageTrace Behavior [ RunTime:-0.017777s ]
INFO: [ view_end ] --END-- [ RunTime:0.000441s ]
INFO: [ view_template ] --START--
INFO: Run LocationTemplate Behavior [ RunTime:-0.018277s ]
INFO: [ view_template ] --END-- [ RunTime:-0.007683s ]
INFO: [ view_parse ] --START--
NOTIC: [2] file_get_contents(./Index/Tpl/default/Public/header.html) [<a href='function.file-get-contents'>function.file-get-contents</a>]: failed to open stream: No such file or directory /webhome/h249016/web/www/ThinkPHP/Lib/Template/ThinkTemplate.class.php 第 684 行.
NOTIC: [2] file_get_contents(./Index/Tpl/default/Public/footer.html) [<a href='function.file-get-contents'>function.file-get-contents</a>]: failed to open stream: No such file or directory /webhome/h249016/web/www/ThinkPHP/Lib/Template/ThinkTemplate.class.php 第 684 行.
NOTIC: [8] Undefined offset:  0 /webhome/h249016/web/www/Index/Runtime/Cache/c3e70fd2387e58155d8bdae694d35c7a.php 第 15 行.
NOTIC: [8] Undefined offset:  0 /webhome/h249016/web/www/Index/Runtime/Cache/c3e70fd2387e58155d8bdae694d35c7a.php 第 15 行.
NOTIC: [8] Undefined variable: islist /webhome/h249016/web/www/Index/Runtime/Cache/c3e70fd2387e58155d8bdae694d35c7a.php 第 19 行.
INFO: Run ParseTemplate Behavior [ RunTime:-0.018439s ]
INFO: [ view_parse ] --END-- [ RunTime:-0.001859s ]
INFO: [ view_filter ] --START--
INFO: Run ContentReplace Behavior [ RunTime:-0.022651s ]
INFO: Run TokenBuild Behavior [ RunTime:-0.022718s ]
INFO: Run WriteHtmlCache Behavior [ RunTime:-0.022773s ]
INFO: Run ShowRuntime Behavior [ RunTime:-0.022802s ]
INFO: [ view_filter ] --END-- [ RunTime:-0.004926s ]
INFO: [ view_end ] --START--
INFO: Run ShowPageTrace Behavior [ RunTime:-0.022949s ]
INFO: [ view_end ] --END-- [ RunTime:-0.004730s ]
INFO: [ view_template ] --START--
INFO: Run LocationTemplate Behavior [ RunTime:-0.023073s ]
INFO: [ view_template ] --END-- [ RunTime:-0.012479s ]
INFO: [ view_parse ] --START--
INFO: Run ParseTemplate Behavior [ RunTime:-0.023239s ]
INFO: [ view_parse ] --END-- [ RunTime:-0.006660s ]
INFO: [ view_filter ] --START--
INFO: Run ContentReplace Behavior [ RunTime:-0.024580s ]
INFO: Run TokenBuild Behavior [ RunTime:-0.024713s ]
INFO: Run WriteHtmlCache Behavior [ RunTime:-0.024781s ]
INFO: Run ShowRuntime Behavior [ RunTime:-0.024809s ]
INFO: [ view_filter ] --END-- [ RunTime:-0.006854s ]
INFO: [ view_end ] --START--
INFO: Run ShowPageTrace Behavior [ RunTime:-0.024941s ]
INFO: [ view_end ] --END-- [ RunTime:-0.006723s ]

[ 2012-12-15T15:03:12+08:00 ] 192.114.71.13 /index.php/Index/news
INFO: [ route_check ] --START--
INFO: Run CheckRoute Behavior [ RunTime:0.000567s ]
INFO: [ route_check ] --END-- [ RunTime:0.000626s ]
INFO: [ app_begin ] --START--
INFO: Run ReadHtmlCache Behavior [ RunTime:-0.000284s ]
INFO: [ app_begin ] --END-- [ RunTime:0.000422s ]
SQL: SHOW COLUMNS FROM `basic_column` [ RunTime:0.000305s ]
SQL: SELECT `id`,`parent_id`,`name`,`path`,`show`,`pic`,`action`,`sort` FROM `basic_column` WHERE ( `parent_id` = 0 ) AND ( `show` = 1 ) ORDER BY `sort` asc  [ RunTime:0.000123s ]
SQL: SELECT `id`,`parent_id`,`name`,`path`,`show`,`pic`,`action`,`sort` FROM `basic_column` WHERE ( `action` = 'news' ) LIMIT 1   [ RunTime:0.000105s ]
SQL: SELECT `id`,`parent_id`,`name`,`path`,`show`,`pic`,`action`,`sort` FROM `basic_column` WHERE ( `action` = 'news' ) LIMIT 1   [ RunTime:0.000107s ]
SQL: SELECT `id`,`parent_id`,`name`,`path`,`show`,`pic`,`action`,`sort` FROM `basic_column` WHERE ( `parent_id` = 12 ) ORDER BY id asc  [ RunTime:0.000091s ]
SQL: SHOW COLUMNS FROM `basic_article` [ RunTime:0.000250s ]
SQL: SELECT `id`,`parent_id`,`title`,`content`,`createtime` FROM `basic_article` WHERE ( `parent_id` = 11 )  [ RunTime:0.000069s ]
INFO: [ view_template ] --START--
INFO: Run LocationTemplate Behavior [ RunTime:-0.009508s ]
INFO: [ view_template ] --END-- [ RunTime:0.000354s ]
INFO: [ view_parse ] --START--
INFO: Run ParseTemplate Behavior [ RunTime:-0.009943s ]
INFO: [ view_parse ] --END-- [ RunTime:0.005943s ]
INFO: [ view_filter ] --START--
INFO: Run ContentReplace Behavior [ RunTime:-0.015923s ]
INFO: Run TokenBuild Behavior [ RunTime:-0.016183s ]
INFO: Run WriteHtmlCache Behavior [ RunTime:-0.016476s ]
INFO: Run ShowRuntime Behavior [ RunTime:-0.016683s ]
INFO: [ view_filter ] --END-- [ RunTime:0.001117s ]
INFO: [ view_end ] --START--
INFO: Run ShowPageTrace Behavior [ RunTime:-0.017090s ]
INFO: [ view_end ] --END-- [ RunTime:0.000452s ]
INFO: [ view_template ] --START--
INFO: Run LocationTemplate Behavior [ RunTime:-0.017597s ]
INFO: [ view_template ] --END-- [ RunTime:-0.007745s ]
INFO: [ view_parse ] --START--
NOTIC: [2] file_get_contents(./Index/Tpl/default/Public/header.html) [<a href='function.file-get-contents'>function.file-get-contents</a>]: failed to open stream: No such file or directory /webhome/h249016/web/www/ThinkPHP/Lib/Template/ThinkTemplate.class.php 第 684 行.
NOTIC: [2] file_get_contents(./Index/Tpl/default/Public/footer.html) [<a href='function.file-get-contents'>function.file-get-contents</a>]: failed to open stream: No such file or directory /webhome/h249016/web/www/ThinkPHP/Lib/Template/ThinkTemplate.class.php 第 684 行.
INFO: Run ParseTemplate Behavior [ RunTime:-0.017759s ]
INFO: [ view_parse ] --END-- [ RunTime:-0.001875s ]
INFO: [ view_filter ] --START--
INFO: Run ContentReplace Behavior [ RunTime:-0.021842s ]
INFO: Run TokenBuild Behavior [ RunTime:-0.021910s ]
INFO: Run WriteHtmlCache Behavior [ RunTime:-0.021964s ]
INFO: Run ShowRuntime Behavior [ RunTime:-0.021991s ]
INFO: [ view_filter ] --END-- [ RunTime:-0.004801s ]
INFO: [ view_end ] --START--
INFO: Run ShowPageTrace Behavior [ RunTime:-0.022124s ]
INFO: [ view_end ] --END-- [ RunTime:-0.004582s ]
INFO: [ view_template ] --START--
INFO: Run LocationTemplate Behavior [ RunTime:-0.022241s ]
INFO: [ view_template ] --END-- [ RunTime:-0.012389s ]
INFO: [ view_parse ] --START--
INFO: Run ParseTemplate Behavior [ RunTime:-0.022388s ]
INFO: [ view_parse ] --END-- [ RunTime:-0.006507s ]
INFO: [ view_filter ] --START--
INFO: Run ContentReplace Behavior [ RunTime:-0.023643s ]
INFO: Run TokenBuild Behavior [ RunTime:-0.023701s ]
INFO: Run WriteHtmlCache Behavior [ RunTime:-0.023754s ]
INFO: Run ShowRuntime Behavior [ RunTime:-0.023781s ]
INFO: [ view_filter ] --END-- [ RunTime:-0.006603s ]
INFO: [ view_end ] --START--
INFO: Run ShowPageTrace Behavior [ RunTime:-0.023974s ]
INFO: [ view_end ] --END-- [ RunTime:-0.006432s ]

[ 2012-12-15T15:03:12+08:00 ] 192.114.71.13 /index.php/Index/connect
INFO: [ route_check ] --START--
INFO: Run CheckRoute Behavior [ RunTime:0.000661s ]
INFO: [ route_check ] --END-- [ RunTime:0.000731s ]
INFO: [ app_begin ] --START--
INFO: Run ReadHtmlCache Behavior [ RunTime:-0.000342s ]
INFO: [ app_begin ] --END-- [ RunTime:0.000435s ]
SQL: SHOW COLUMNS FROM `basic_column` [ RunTime:0.000364s ]
SQL: SELECT `id`,`parent_id`,`name`,`path`,`show`,`pic`,`action`,`sort` FROM `basic_column` WHERE ( `parent_id` = 0 ) AND ( `show` = 1 ) ORDER BY `sort` asc  [ RunTime:0.000149s ]
SQL: SELECT `id`,`parent_id`,`name`,`path`,`show`,`pic`,`action`,`sort` FROM `basic_column` WHERE ( `action` = 'connect' ) LIMIT 1   [ RunTime:0.000130s ]
SQL: SELECT `id`,`parent_id`,`name`,`path`,`show`,`pic`,`action`,`sort` FROM `basic_column` WHERE ( `action` = 'connect' ) LIMIT 1   [ RunTime:0.000100s ]
SQL: SELECT `id`,`parent_id`,`name`,`path`,`show`,`pic`,`action`,`sort` FROM `basic_column` WHERE ( `parent_id` = 13 ) ORDER BY id asc  [ RunTime:0.000097s ]
SQL: SHOW COLUMNS FROM `basic_article` [ RunTime:0.000269s ]
SQL: SELECT `id`,`parent_id`,`title`,`content`,`createtime` FROM `basic_article` WHERE ( `parent_id` = 7 ) LIMIT 1   [ RunTime:0.000111s ]
INFO: [ view_template ] --START--
INFO: Run LocationTemplate Behavior [ RunTime:-0.009002s ]
INFO: [ view_template ] --END-- [ RunTime:0.000329s ]
INFO: [ view_parse ] --START--
INFO: Run ParseTemplate Behavior [ RunTime:-0.009400s ]
INFO: [ view_parse ] --END-- [ RunTime:0.005579s ]
INFO: [ view_filter ] --START--
INFO: Run ContentReplace Behavior [ RunTime:-0.015009s ]
INFO: Run TokenBuild Behavior [ RunTime:-0.015260s ]
INFO: Run WriteHtmlCache Behavior [ RunTime:-0.015548s ]
INFO: Run ShowRuntime Behavior [ RunTime:-0.015737s ]
INFO: [ view_filter ] --END-- [ RunTime:0.001055s ]
INFO: [ view_end ] --START--
INFO: Run ShowPageTrace Behavior [ RunTime:-0.016113s ]
INFO: [ view_end ] --END-- [ RunTime:0.000438s ]
INFO: [ view_template ] --START--
INFO: Run LocationTemplate Behavior [ RunTime:-0.016604s ]
INFO: [ view_template ] --END-- [ RunTime:-0.007275s ]
INFO: [ view_parse ] --START--
NOTIC: [2] file_get_contents(./Index/Tpl/default/Public/header.html) [<a href='function.file-get-contents'>function.file-get-contents</a>]: failed to open stream: No such file or directory /webhome/h249016/web/www/ThinkPHP/Lib/Template/ThinkTemplate.class.php 第 684 行.
NOTIC: [2] file_get_contents(./Index/Tpl/default/Public/footer.html) [<a href='function.file-get-contents'>function.file-get-contents</a>]: failed to open stream: No such file or directory /webhome/h249016/web/www/ThinkPHP/Lib/Template/ThinkTemplate.class.php 第 684 行.
NOTIC: [8] Undefined variable: islist /webhome/h249016/web/www/Index/Runtime/Cache/c3e70fd2387e58155d8bdae694d35c7a.php 第 19 行.
INFO: Run ParseTemplate Behavior [ RunTime:-0.016746s ]
INFO: [ view_parse ] --END-- [ RunTime:-0.001771s ]
INFO: [ view_filter ] --START--
INFO: Run ContentReplace Behavior [ RunTime:-0.020759s ]
INFO: Run TokenBuild Behavior [ RunTime:-0.020819s ]
INFO: Run WriteHtmlCache Behavior [ RunTime:-0.020872s ]
INFO: Run ShowRuntime Behavior [ RunTime:-0.020900s ]
INFO: [ view_filter ] --END-- [ RunTime:-0.004694s ]
INFO: [ view_end ] --START--
INFO: Run ShowPageTrace Behavior [ RunTime:-0.021029s ]
INFO: [ view_end ] --END-- [ RunTime:-0.004478s ]
INFO: [ view_template ] --START--
INFO: Run LocationTemplate Behavior [ RunTime:-0.021141s ]
INFO: [ view_template ] --END-- [ RunTime:-0.011814s ]
INFO: [ view_parse ] --START--
INFO: Run ParseTemplate Behavior [ RunTime:-0.021285s ]
INFO: [ view_parse ] --END-- [ RunTime:-0.006310s ]
INFO: [ view_filter ] --START--
INFO: Run ContentReplace Behavior [ RunTime:-0.022540s ]
INFO: Run TokenBuild Behavior [ RunTime:-0.022596s ]
INFO: Run WriteHtmlCache Behavior [ RunTime:-0.022648s ]
INFO: Run ShowRuntime Behavior [ RunTime:-0.022675s ]
INFO: [ view_filter ] --END-- [ RunTime:-0.006475s ]
INFO: [ view_end ] --START--
INFO: Run ShowPageTrace Behavior [ RunTime:-0.022800s ]
INFO: [ view_end ] --END-- [ RunTime:-0.006250s ]

[ 2012-12-15T15:03:14+08:00 ] 192.114.71.13 /index.php/Index/about/id/6
INFO: [ route_check ] --START--
INFO: Run CheckRoute Behavior [ RunTime:0.000562s ]
INFO: [ route_check ] --END-- [ RunTime:0.000635s ]
INFO: [ app_begin ] --START--
INFO: Run ReadHtmlCache Behavior [ RunTime:-0.000323s ]
INFO: [ app_begin ] --END-- [ RunTime:0.000423s ]
SQL: SHOW COLUMNS FROM `basic_column` [ RunTime:0.000386s ]
SQL: SELECT `id`,`parent_id`,`name`,`path`,`show`,`pic`,`action`,`sort` FROM `basic_column` WHERE ( `parent_id` = 0 ) AND ( `show` = 1 ) ORDER BY `sort` asc  [ RunTime:0.000170s ]
SQL: SELECT `id`,`parent_id`,`name`,`path`,`show`,`pic`,`action`,`sort` FROM `basic_column` WHERE ( `action` = 'about' ) LIMIT 1   [ RunTime:0.000178s ]
SQL: SELECT `id`,`parent_id`,`name`,`path`,`show`,`pic`,`action`,`sort` FROM `basic_column` WHERE ( `action` = 'about' ) LIMIT 1   [ RunTime:0.000112s ]
SQL: SELECT `id`,`parent_id`,`name`,`path`,`show`,`pic`,`action`,`sort` FROM `basic_column` WHERE ( `parent_id` = 2 ) ORDER BY id asc  [ RunTime:0.000113s ]
SQL: SHOW COLUMNS FROM `basic_article` [ RunTime:0.000248s ]
SQL: SELECT `id`,`parent_id`,`title`,`content`,`createtime` FROM `basic_article` WHERE ( `parent_id` = 6 ) LIMIT 1   [ RunTime:0.000117s ]
INFO: [ view_template ] --START--
INFO: Run LocationTemplate Behavior [ RunTime:-0.010044s ]
INFO: [ view_template ] --END-- [ RunTime:0.000397s ]
INFO: [ view_parse ] --START--
INFO: Run ParseTemplate Behavior [ RunTime:-0.010494s ]
INFO: [ view_parse ] --END-- [ RunTime:0.006024s ]
INFO: [ view_filter ] --START--
INFO: Run ContentReplace Behavior [ RunTime:-0.016554s ]
INFO: Run TokenBuild Behavior [ RunTime:-0.016851s ]
INFO: Run WriteHtmlCache Behavior [ RunTime:-0.017174s ]
INFO: Run ShowRuntime Behavior [ RunTime:-0.017378s ]
INFO: [ view_filter ] --END-- [ RunTime:0.001179s ]
INFO: [ view_end ] --START--
INFO: Run ShowPageTrace Behavior [ RunTime:-0.017786s ]
INFO: [ view_end ] --END-- [ RunTime:0.000479s ]
INFO: [ view_template ] --START--
INFO: Run LocationTemplate Behavior [ RunTime:-0.018327s ]
INFO: [ view_template ] --END-- [ RunTime:-0.007898s ]
INFO: [ view_parse ] --START--
NOTIC: [2] file_get_contents(./Index/Tpl/default/Public/header.html) [<a href='function.file-get-contents'>function.file-get-contents</a>]: failed to open stream: No such file or directory /webhome/h249016/web/www/ThinkPHP/Lib/Template/ThinkTemplate.class.php 第 684 行.
NOTIC: [2] file_get_contents(./Index/Tpl/default/Public/footer.html) [<a href='function.file-get-contents'>function.file-get-contents</a>]: failed to open stream: No such file or directory /webhome/h249016/web/www/ThinkPHP/Lib/Template/ThinkTemplate.class.php 第 684 行.
NOTIC: [8] Undefined offset:  0 /webhome/h249016/web/www/Index/Runtime/Cache/c3e70fd2387e58155d8bdae694d35c7a.php 第 15 行.
NOTIC: [8] Undefined offset:  0 /webhome/h249016/web/www/Index/Runtime/Cache/c3e70fd2387e58155d8bdae694d35c7a.php 第 15 行.
NOTIC: [8] Undefined variable: islist /webhome/h249016/web/www/Index/Runtime/Cache/c3e70fd2387e58155d8bdae694d35c7a.php 第 19 行.
INFO: Run ParseTemplate Behavior [ RunTime:-0.018483s ]
INFO: [ view_parse ] --END-- [ RunTime:-0.001967s ]
INFO: [ view_filter ] --START--
INFO: Run ContentReplace Behavior [ RunTime:-0.022889s ]
INFO: Run TokenBuild Behavior [ RunTime:-0.022964s ]
INFO: Run WriteHtmlCache Behavior [ RunTime:-0.023023s ]
INFO: Run ShowRuntime Behavior [ RunTime:-0.023053s ]
INFO: [ view_filter ] --END-- [ RunTime:-0.005142s ]
INFO: [ view_end ] --START--
INFO: Run ShowPageTrace Behavior [ RunTime:-0.023204s ]
INFO: [ view_end ] --END-- [ RunTime:-0.004938s ]
INFO: [ view_template ] --START--
INFO: Run LocationTemplate Behavior [ RunTime:-0.023335s ]
INFO: [ view_template ] --END-- [ RunTime:-0.012906s ]
INFO: [ view_parse ] --START--
INFO: Run ParseTemplate Behavior [ RunTime:-0.023494s ]
INFO: [ view_parse ] --END-- [ RunTime:-0.006979s ]
INFO: [ view_filter ] --START--
INFO: Run ContentReplace Behavior [ RunTime:-0.024939s ]
INFO: Run TokenBuild Behavior [ RunTime:-0.025007s ]
INFO: Run WriteHtmlCache Behavior [ RunTime:-0.025065s ]
INFO: Run ShowRuntime Behavior [ RunTime:-0.025096s ]
INFO: [ view_filter ] --END-- [ RunTime:-0.007208s ]
INFO: [ view_end ] --START--
INFO: Run ShowPageTrace Behavior [ RunTime:-0.025240s ]
INFO: [ view_end ] --END-- [ RunTime:-0.006974s ]

[ 2012-12-15T15:03:14+08:00 ] 192.114.71.13 /index.php/Index/about/id/5
INFO: [ route_check ] --START--
INFO: Run CheckRoute Behavior [ RunTime:0.000566s ]
INFO: [ route_check ] --END-- [ RunTime:0.000628s ]
INFO: [ app_begin ] --START--
INFO: Run ReadHtmlCache Behavior [ RunTime:-0.000374s ]
INFO: [ app_begin ] --END-- [ RunTime:0.000441s ]
SQL: SHOW COLUMNS FROM `basic_column` [ RunTime:0.000337s ]
SQL: SELECT `id`,`parent_id`,`name`,`path`,`show`,`pic`,`action`,`sort` FROM `basic_column` WHERE ( `parent_id` = 0 ) AND ( `show` = 1 ) ORDER BY `sort` asc  [ RunTime:0.000159s ]
SQL: SELECT `id`,`parent_id`,`name`,`path`,`show`,`pic`,`action`,`sort` FROM `basic_column` WHERE ( `action` = 'about' ) LIMIT 1   [ RunTime:0.000128s ]
SQL: SELECT `id`,`parent_id`,`name`,`path`,`show`,`pic`,`action`,`sort` FROM `basic_column` WHERE ( `action` = 'about' ) LIMIT 1   [ RunTime:0.000111s ]
SQL: SELECT `id`,`parent_id`,`name`,`path`,`show`,`pic`,`action`,`sort` FROM `basic_column` WHERE ( `parent_id` = 2 ) ORDER BY id asc  [ RunTime:0.000108s ]
SQL: SHOW COLUMNS FROM `basic_article` [ RunTime:0.000228s ]
SQL: SELECT `id`,`parent_id`,`title`,`content`,`createtime` FROM `basic_article` WHERE ( `parent_id` = 5 ) LIMIT 1   [ RunTime:0.000100s ]
INFO: [ view_template ] --START--
INFO: Run LocationTemplate Behavior [ RunTime:-0.009380s ]
INFO: [ view_template ] --END-- [ RunTime:0.000356s ]
INFO: [ view_parse ] --START--
INFO: Run ParseTemplate Behavior [ RunTime:-0.009796s ]
INFO: [ view_parse ] --END-- [ RunTime:0.005969s ]
INFO: [ view_filter ] --START--
INFO: Run ContentReplace Behavior [ RunTime:-0.015805s ]
INFO: Run TokenBuild Behavior [ RunTime:-0.016157s ]
INFO: Run WriteHtmlCache Behavior [ RunTime:-0.016466s ]
INFO: Run ShowRuntime Behavior [ RunTime:-0.016682s ]
INFO: [ view_filter ] --END-- [ RunTime:0.001248s ]
INFO: [ view_end ] --START--
INFO: Run ShowPageTrace Behavior [ RunTime:-0.017109s ]
INFO: [ view_end ] --END-- [ RunTime:0.000457s ]
INFO: [ view_template ] --START--
INFO: Run LocationTemplate Behavior [ RunTime:-0.017641s ]
INFO: [ view_template ] --END-- [ RunTime:-0.007909s ]
INFO: [ view_parse ] --START--
NOTIC: [2] file_get_contents(./Index/Tpl/default/Public/header.html) [<a href='function.file-get-contents'>function.file-get-contents</a>]: failed to open stream: No such file or directory /webhome/h249016/web/www/ThinkPHP/Lib/Template/ThinkTemplate.class.php 第 684 行.
NOTIC: [2] file_get_contents(./Index/Tpl/default/Public/footer.html) [<a href='function.file-get-contents'>function.file-get-contents</a>]: failed to open stream: No such file or directory /webhome/h249016/web/www/ThinkPHP/Lib/Template/ThinkTemplate.class.php 第 684 行.
NOTIC: [8] Undefined offset:  0 /webhome/h249016/web/www/Index/Runtime/Cache/c3e70fd2387e58155d8bdae694d35c7a.php 第 15 行.
NOTIC: [8] Undefined offset:  0 /webhome/h249016/web/www/Index/Runtime/Cache/c3e70fd2387e58155d8bdae694d35c7a.php 第 15 行.
NOTIC: [8] Undefined variable: islist /webhome/h249016/web/www/Index/Runtime/Cache/c3e70fd2387e58155d8bdae694d35c7a.php 第 19 行.
INFO: Run ParseTemplate Behavior [ RunTime:-0.017807s ]
INFO: [ view_parse ] --END-- [ RunTime:-0.002044s ]
INFO: [ view_filter ] --START--
INFO: Run ContentReplace Behavior [ RunTime:-0.022225s ]
INFO: Run TokenBuild Behavior [ RunTime:-0.022299s ]
INFO: Run WriteHtmlCache Behavior [ RunTime:-0.022366s ]
INFO: Run ShowRuntime Behavior [ RunTime:-0.022405s ]
INFO: [ view_filter ] --END-- [ RunTime:-0.005172s ]
INFO: [ view_end ] --START--
INFO: Run ShowPageTrace Behavior [ RunTime:-0.022548s ]
INFO: [ view_end ] --END-- [ RunTime:-0.004983s ]
INFO: [ view_template ] --START--
INFO: Run LocationTemplate Behavior [ RunTime:-0.022677s ]
INFO: [ view_template ] --END-- [ RunTime:-0.012944s ]
INFO: [ view_parse ] --START--
INFO: Run ParseTemplate Behavior [ RunTime:-0.022846s ]
INFO: [ view_parse ] --END-- [ RunTime:-0.007083s ]
INFO: [ view_filter ] --START--
INFO: Run ContentReplace Behavior [ RunTime:-0.024257s ]
INFO: Run TokenBuild Behavior [ RunTime:-0.024323s ]
INFO: Run WriteHtmlCache Behavior [ RunTime:-0.024401s ]
INFO: Run ShowRuntime Behavior [ RunTime:-0.024430s ]
INFO: [ view_filter ] --END-- [ RunTime:-0.007206s ]
INFO: [ view_end ] --START--
INFO: Run ShowPageTrace Behavior [ RunTime:-0.024571s ]
INFO: [ view_end ] --END-- [ RunTime:-0.007006s ]

[ 2012-12-15T15:03:14+08:00 ] 192.114.71.13 /index.php/Index/about/id/16
INFO: [ route_check ] --START--
INFO: Run CheckRoute Behavior [ RunTime:0.000588s ]
INFO: [ route_check ] --END-- [ RunTime:0.000654s ]
INFO: [ app_begin ] --START--
INFO: Run ReadHtmlCache Behavior [ RunTime:-0.000325s ]
INFO: [ app_begin ] --END-- [ RunTime:0.000441s ]
SQL: SHOW COLUMNS FROM `basic_column` [ RunTime:0.000383s ]
SQL: SELECT `id`,`parent_id`,`name`,`path`,`show`,`pic`,`action`,`sort` FROM `basic_column` WHERE ( `parent_id` = 0 ) AND ( `show` = 1 ) ORDER BY `sort` asc  [ RunTime:0.000140s ]
SQL: SELECT `id`,`parent_id`,`name`,`path`,`show`,`pic`,`action`,`sort` FROM `basic_column` WHERE ( `action` = 'about' ) LIMIT 1   [ RunTime:0.000117s ]
SQL: SELECT `id`,`parent_id`,`name`,`path`,`show`,`pic`,`action`,`sort` FROM `basic_column` WHERE ( `action` = 'about' ) LIMIT 1   [ RunTime:0.000108s ]
SQL: SELECT `id`,`parent_id`,`name`,`path`,`show`,`pic`,`action`,`sort` FROM `basic_column` WHERE ( `parent_id` = 2 ) ORDER BY id asc  [ RunTime:0.000112s ]
SQL: SHOW COLUMNS FROM `basic_article` [ RunTime:0.000250s ]
SQL: SELECT `id`,`parent_id`,`title`,`content`,`createtime` FROM `basic_article` WHERE ( `parent_id` = 16 ) LIMIT 1   [ RunTime:0.000106s ]
INFO: [ view_template ] --START--
INFO: Run LocationTemplate Behavior [ RunTime:-0.010049s ]
INFO: [ view_template ] --END-- [ RunTime:0.000401s ]
INFO: [ view_parse ] --START--
INFO: Run ParseTemplate Behavior [ RunTime:-0.010514s ]
INFO: [ view_parse ] --END-- [ RunTime:0.020152s ]
INFO: [ view_filter ] --START--
INFO: Run ContentReplace Behavior [ RunTime:-0.030700s ]
INFO: Run TokenBuild Behavior [ RunTime:-0.030999s ]
INFO: Run WriteHtmlCache Behavior [ RunTime:-0.031283s ]
INFO: Run ShowRuntime Behavior [ RunTime:-0.031501s ]
INFO: [ view_filter ] --END-- [ RunTime:0.001174s ]
INFO: [ view_end ] --START--
INFO: Run ShowPageTrace Behavior [ RunTime:-0.031932s ]
INFO: [ view_end ] --END-- [ RunTime:0.000464s ]
INFO: [ view_template ] --START--
INFO: Run LocationTemplate Behavior [ RunTime:-0.032459s ]
INFO: [ view_template ] --END-- [ RunTime:-0.022019s ]
INFO: [ view_parse ] --START--
NOTIC: [2] file_get_contents(./Index/Tpl/default/Public/header.html) [<a href='function.file-get-contents'>function.file-get-contents</a>]: failed to open stream: No such file or directory /webhome/h249016/web/www/ThinkPHP/Lib/Template/ThinkTemplate.class.php 第 684 行.
NOTIC: [2] file_get_contents(./Index/Tpl/default/Public/footer.html) [<a href='function.file-get-contents'>function.file-get-contents</a>]: failed to open stream: No such file or directory /webhome/h249016/web/www/ThinkPHP/Lib/Template/ThinkTemplate.class.php 第 684 行.
NOTIC: [8] Undefined offset:  0 /webhome/h249016/web/www/Index/Runtime/Cache/c3e70fd2387e58155d8bdae694d35c7a.php 第 15 行.
NOTIC: [8] Undefined offset:  0 /webhome/h249016/web/www/Index/Runtime/Cache/c3e70fd2387e58155d8bdae694d35c7a.php 第 15 行.
NOTIC: [8] Undefined variable: islist /webhome/h249016/web/www/Index/Runtime/Cache/c3e70fd2387e58155d8bdae694d35c7a.php 第 19 行.
INFO: Run ParseTemplate Behavior [ RunTime:-0.032631s ]
INFO: [ view_parse ] --END-- [ RunTime:-0.001969s ]
INFO: [ view_filter ] --START--
INFO: Run ContentReplace Behavior [ RunTime:-0.037037s ]
INFO: Run TokenBuild Behavior [ RunTime:-0.037109s ]
INFO: Run WriteHtmlCache Behavior [ RunTime:-0.037164s ]
INFO: Run ShowRuntime Behavior [ RunTime:-0.037193s ]
INFO: [ view_filter ] --END-- [ RunTime:-0.005163s ]
INFO: [ view_end ] --START--
INFO: Run ShowPageTrace Behavior [ RunTime:-0.037336s ]
INFO: [ view_end ] --END-- [ RunTime:-0.004941s ]
INFO: [ view_template ] --START--
INFO: Run LocationTemplate Behavior [ RunTime:-0.037461s ]
INFO: [ view_template ] --END-- [ RunTime:-0.027022s ]
INFO: [ view_parse ] --START--
INFO: Run ParseTemplate Behavior [ RunTime:-0.037625s ]
INFO: [ view_parse ] --END-- [ RunTime:-0.006965s ]
INFO: [ view_filter ] --START--
INFO: Run ContentReplace Behavior [ RunTime:-0.039056s ]
INFO: Run TokenBuild Behavior [ RunTime:-0.039123s ]
INFO: Run WriteHtmlCache Behavior [ RunTime:-0.039177s ]
INFO: Run ShowRuntime Behavior [ RunTime:-0.039206s ]
INFO: [ view_filter ] --END-- [ RunTime:-0.007182s ]
INFO: [ view_end ] --START--
INFO: Run ShowPageTrace Behavior [ RunTime:-0.039342s ]
INFO: [ view_end ] --END-- [ RunTime:-0.006948s ]

[ 2012-12-15T15:03:15+08:00 ] 192.114.71.13 /index.php/Index/connect/id/7
INFO: [ route_check ] --START--
INFO: Run CheckRoute Behavior [ RunTime:0.000573s ]
INFO: [ route_check ] --END-- [ RunTime:0.000645s ]
INFO: [ app_begin ] --START--
INFO: Run ReadHtmlCache Behavior [ RunTime:-0.000325s ]
INFO: [ app_begin ] --END-- [ RunTime:0.000422s ]
SQL: SHOW COLUMNS FROM `basic_column` [ RunTime:0.000393s ]
SQL: SELECT `id`,`parent_id`,`name`,`path`,`show`,`pic`,`action`,`sort` FROM `basic_column` WHERE ( `parent_id` = 0 ) AND ( `show` = 1 ) ORDER BY `sort` asc  [ RunTime:0.000207s ]
SQL: SELECT `id`,`parent_id`,`name`,`path`,`show`,`pic`,`action`,`sort` FROM `basic_column` WHERE ( `action` = 'connect' ) LIMIT 1   [ RunTime:0.000160s ]
SQL: SELECT `id`,`parent_id`,`name`,`path`,`show`,`pic`,`action`,`sort` FROM `basic_column` WHERE ( `action` = 'connect' ) LIMIT 1   [ RunTime:0.000102s ]
SQL: SELECT `id`,`parent_id`,`name`,`path`,`show`,`pic`,`action`,`sort` FROM `basic_column` WHERE ( `parent_id` = 13 ) ORDER BY id asc  [ RunTime:0.000147s ]
SQL: SHOW COLUMNS FROM `basic_article` [ RunTime:0.000265s ]
SQL: SELECT `id`,`parent_id`,`title`,`content`,`createtime` FROM `basic_article` WHERE ( `parent_id` = 7 ) LIMIT 1   [ RunTime:0.000117s ]
INFO: [ view_template ] --START--
INFO: Run LocationTemplate Behavior [ RunTime:-0.010158s ]
INFO: [ view_template ] --END-- [ RunTime:0.000396s ]
INFO: [ view_parse ] --START--
INFO: Run ParseTemplate Behavior [ RunTime:-0.010608s ]
INFO: [ view_parse ] --END-- [ RunTime:0.005967s ]
INFO: [ view_filter ] --START--
INFO: Run ContentReplace Behavior [ RunTime:-0.016609s ]
INFO: Run TokenBuild Behavior [ RunTime:-0.016882s ]
INFO: Run WriteHtmlCache Behavior [ RunTime:-0.017157s ]
INFO: Run ShowRuntime Behavior [ RunTime:-0.017357s ]
INFO: [ view_filter ] --END-- [ RunTime:0.001098s ]
INFO: [ view_end ] --START--
INFO: Run ShowPageTrace Behavior [ RunTime:-0.017759s ]
INFO: [ view_end ] --END-- [ RunTime:0.000456s ]
INFO: [ view_template ] --START--
INFO: Run LocationTemplate Behavior [ RunTime:-0.018275s ]
INFO: [ view_template ] --END-- [ RunTime:-0.007732s ]
INFO: [ view_parse ] --START--
NOTIC: [2] file_get_contents(./Index/Tpl/default/Public/header.html) [<a href='function.file-get-contents'>function.file-get-contents</a>]: failed to open stream: No such file or directory /webhome/h249016/web/www/ThinkPHP/Lib/Template/ThinkTemplate.class.php 第 684 行.
NOTIC: [2] file_get_contents(./Index/Tpl/default/Public/footer.html) [<a href='function.file-get-contents'>function.file-get-contents</a>]: failed to open stream: No such file or directory /webhome/h249016/web/www/ThinkPHP/Lib/Template/ThinkTemplate.class.php 第 684 行.
NOTIC: [8] Undefined variable: islist /webhome/h249016/web/www/Index/Runtime/Cache/c3e70fd2387e58155d8bdae694d35c7a.php 第 19 行.
INFO: Run ParseTemplate Behavior [ RunTime:-0.018427s ]
INFO: [ view_parse ] --END-- [ RunTime:-0.001855s ]
INFO: [ view_filter ] --START--
INFO: Run ContentReplace Behavior [ RunTime:-0.022612s ]
INFO: Run TokenBuild Behavior [ RunTime:-0.022678s ]
INFO: Run WriteHtmlCache Behavior [ RunTime:-0.022732s ]
INFO: Run ShowRuntime Behavior [ RunTime:-0.022759s ]
INFO: [ view_filter ] --END-- [ RunTime:-0.004905s ]
INFO: [ view_end ] --START--
INFO: Run ShowPageTrace Behavior [ RunTime:-0.022915s ]
INFO: [ view_end ] --END-- [ RunTime:-0.004700s ]
INFO: [ view_template ] --START--
INFO: Run LocationTemplate Behavior [ RunTime:-0.023036s ]
INFO: [ view_template ] --END-- [ RunTime:-0.012493s ]
INFO: [ view_parse ] --START--
INFO: Run ParseTemplate Behavior [ RunTime:-0.023185s ]
INFO: [ view_parse ] --END-- [ RunTime:-0.006615s ]
INFO: [ view_filter ] --START--
INFO: Run ContentReplace Behavior [ RunTime:-0.024458s ]
INFO: Run TokenBuild Behavior [ RunTime:-0.024517s ]
INFO: Run WriteHtmlCache Behavior [ RunTime:-0.024570s ]
INFO: Run ShowRuntime Behavior [ RunTime:-0.024597s ]
INFO: [ view_filter ] --END-- [ RunTime:-0.006753s ]
INFO: [ view_end ] --START--
INFO: Run ShowPageTrace Behavior [ RunTime:-0.024726s ]
INFO: [ view_end ] --END-- [ RunTime:-0.006512s ]

[ 2012-12-15T15:03:15+08:00 ] 192.114.71.13 /index.php/Index/news/id/11
INFO: [ route_check ] --START--
INFO: Run CheckRoute Behavior [ RunTime:0.000548s ]
INFO: [ route_check ] --END-- [ RunTime:0.000615s ]
INFO: [ app_begin ] --START--
INFO: Run ReadHtmlCache Behavior [ RunTime:-0.000324s ]
INFO: [ app_begin ] --END-- [ RunTime:0.000419s ]
SQL: SHOW COLUMNS FROM `basic_column` [ RunTime:0.000373s ]
SQL: SELECT `id`,`parent_id`,`name`,`path`,`show`,`pic`,`action`,`sort` FROM `basic_column` WHERE ( `parent_id` = 0 ) AND ( `show` = 1 ) ORDER BY `sort` asc  [ RunTime:0.000178s ]
SQL: SELECT `id`,`parent_id`,`name`,`path`,`show`,`pic`,`action`,`sort` FROM `basic_column` WHERE ( `action` = 'news' ) LIMIT 1   [ RunTime:0.000116s ]
SQL: SELECT `id`,`parent_id`,`name`,`path`,`show`,`pic`,`action`,`sort` FROM `basic_column` WHERE ( `action` = 'news' ) LIMIT 1   [ RunTime:0.000096s ]
SQL: SELECT `id`,`parent_id`,`name`,`path`,`show`,`pic`,`action`,`sort` FROM `basic_column` WHERE ( `parent_id` = 12 ) ORDER BY id asc  [ RunTime:0.000092s ]
SQL: SHOW COLUMNS FROM `basic_article` [ RunTime:0.000259s ]
SQL: SELECT `id`,`parent_id`,`title`,`content`,`createtime` FROM `basic_article` WHERE ( `parent_id` = 11 )  [ RunTime:0.000116s ]
INFO: [ view_template ] --START--
INFO: Run LocationTemplate Behavior [ RunTime:-0.009910s ]
INFO: [ view_template ] --END-- [ RunTime:0.000394s ]
INFO: [ view_parse ] --START--
INFO: Run ParseTemplate Behavior [ RunTime:-0.010360s ]
INFO: [ view_parse ] --END-- [ RunTime:0.006313s ]
INFO: [ view_filter ] --START--
INFO: Run ContentReplace Behavior [ RunTime:-0.016715s ]
INFO: Run TokenBuild Behavior [ RunTime:-0.017047s ]
INFO: Run WriteHtmlCache Behavior [ RunTime:-0.017334s ]
INFO: Run ShowRuntime Behavior [ RunTime:-0.017545s ]
INFO: [ view_filter ] --END-- [ RunTime:0.001212s ]
INFO: [ view_end ] --START--
INFO: Run ShowPageTrace Behavior [ RunTime:-0.017983s ]
INFO: [ view_end ] --END-- [ RunTime:0.000475s ]
INFO: [ view_template ] --START--
INFO: Run LocationTemplate Behavior [ RunTime:-0.018528s ]
INFO: [ view_template ] --END-- [ RunTime:-0.008234s ]
INFO: [ view_parse ] --START--
NOTIC: [2] file_get_contents(./Index/Tpl/default/Public/header.html) [<a href='function.file-get-contents'>function.file-get-contents</a>]: failed to open stream: No such file or directory /webhome/h249016/web/www/ThinkPHP/Lib/Template/ThinkTemplate.class.php 第 684 行.
NOTIC: [2] file_get_contents(./Index/Tpl/default/Public/footer.html) [<a href='function.file-get-contents'>function.file-get-contents</a>]: failed to open stream: No such file or directory /webhome/h249016/web/www/ThinkPHP/Lib/Template/ThinkTemplate.class.php 第 684 行.
INFO: Run ParseTemplate Behavior [ RunTime:-0.018691s ]
INFO: [ view_parse ] --END-- [ RunTime:-0.002019s ]
INFO: [ view_filter ] --START--
INFO: Run ContentReplace Behavior [ RunTime:-0.023212s ]
INFO: Run TokenBuild Behavior [ RunTime:-0.023286s ]
INFO: Run WriteHtmlCache Behavior [ RunTime:-0.023345s ]
INFO: Run ShowRuntime Behavior [ RunTime:-0.023375s ]
INFO: [ view_filter ] --END-- [ RunTime:-0.005283s ]
INFO: [ view_end ] --START--
INFO: Run ShowPageTrace Behavior [ RunTime:-0.023526s ]
INFO: [ view_end ] --END-- [ RunTime:-0.005068s ]
INFO: [ view_template ] --START--
INFO: Run LocationTemplate Behavior [ RunTime:-0.023658s ]
INFO: [ view_template ] --END-- [ RunTime:-0.013366s ]
INFO: [ view_parse ] --START--
INFO: Run ParseTemplate Behavior [ RunTime:-0.023845s ]
INFO: [ view_parse ] --END-- [ RunTime:-0.007175s ]
INFO: [ view_filter ] --START--
INFO: Run ContentReplace Behavior [ RunTime:-0.025304s ]
INFO: Run TokenBuild Behavior [ RunTime:-0.025373s ]
INFO: Run WriteHtmlCache Behavior [ RunTime:-0.025432s ]
INFO: Run ShowRuntime Behavior [ RunTime:-0.025463s ]
INFO: [ view_filter ] --END-- [ RunTime:-0.007376s ]
INFO: [ view_end ] --START--
INFO: Run ShowPageTrace Behavior [ RunTime:-0.025608s ]
INFO: [ view_end ] --END-- [ RunTime:-0.007150s ]

[ 2012-12-15T15:03:15+08:00 ] 192.114.71.13 /index.php
INFO: [ app_begin ] --START--
INFO: Run ReadHtmlCache Behavior [ RunTime:0.000394s ]
INFO: [ app_begin ] --END-- [ RunTime:0.000467s ]
SQL: SHOW COLUMNS FROM `basic_column` [ RunTime:0.000329s ]
SQL: SELECT `id`,`parent_id`,`name`,`path`,`show`,`pic`,`action`,`sort` FROM `basic_column` WHERE ( `parent_id` = 0 ) AND ( `show` = 1 ) ORDER BY `sort` asc  [ RunTime:0.000227s ]
SQL: SELECT `id`,`parent_id`,`name`,`path`,`show`,`pic`,`action`,`sort` FROM `basic_column` WHERE ( `action` = 'index' ) LIMIT 1   [ RunTime:0.000130s ]
SQL: SHOW COLUMNS FROM `basic_slider` [ RunTime:0.000308s ]
SQL: SELECT `id`,`title`,`intro`,`url`,`pic` FROM `basic_slider`  [ RunTime:0.000093s ]
SQL: SELECT `id`,`parent_id`,`name`,`path`,`show`,`pic`,`action`,`sort` FROM `basic_column` WHERE ( `action` = 'about' ) LIMIT 1   [ RunTime:0.000131s ]
SQL: SELECT `id`,`parent_id`,`name`,`path`,`show`,`pic`,`action`,`sort` FROM `basic_column` WHERE ( `parent_id` = 2 ) ORDER BY id asc LIMIT 1   [ RunTime:0.000104s ]
SQL: SHOW COLUMNS FROM `basic_article` [ RunTime:0.000309s ]
SQL: SELECT `id`,`parent_id`,`title`,`content`,`createtime` FROM `basic_article` WHERE ( `parent_id` = 5 ) LIMIT 1   [ RunTime:0.000127s ]
INFO: [ view_template ] --START--
INFO: Run LocationTemplate Behavior [ RunTime:-0.016016s ]
INFO: [ view_template ] --END-- [ RunTime:0.000375s ]
INFO: [ view_parse ] --START--
INFO: Run ParseTemplate Behavior [ RunTime:-0.016457s ]
INFO: [ view_parse ] --END-- [ RunTime:0.006359s ]
INFO: [ view_filter ] --START--
INFO: Run ContentReplace Behavior [ RunTime:-0.022845s ]
INFO: Run TokenBuild Behavior [ RunTime:-0.023141s ]
INFO: Run WriteHtmlCache Behavior [ RunTime:-0.023439s ]
INFO: Run ShowRuntime Behavior [ RunTime:-0.023659s ]
INFO: [ view_filter ] --END-- [ RunTime:0.001191s ]
INFO: [ view_end ] --START--
INFO: Run ShowPageTrace Behavior [ RunTime:-0.024095s ]
INFO: [ view_end ] --END-- [ RunTime:0.000504s ]
INFO: [ view_template ] --START--
INFO: Run LocationTemplate Behavior [ RunTime:-0.024667s ]
INFO: [ view_template ] --END-- [ RunTime:-0.008285s ]
INFO: [ view_parse ] --START--
NOTIC: [2] file_get_contents(./Index/Tpl/default/Public/header.html) [<a href='function.file-get-contents'>function.file-get-contents</a>]: failed to open stream: No such file or directory /webhome/h249016/web/www/ThinkPHP/Lib/Template/ThinkTemplate.class.php 第 684 行.
NOTIC: [2] file_get_contents(./Index/Tpl/default/Public/footer.html) [<a href='function.file-get-contents'>function.file-get-contents</a>]: failed to open stream: No such file or directory /webhome/h249016/web/www/ThinkPHP/Lib/Template/ThinkTemplate.class.php 第 684 行.
INFO: Run ParseTemplate Behavior [ RunTime:-0.024832s ]
INFO: [ view_parse ] --END-- [ RunTime:-0.002026s ]
INFO: [ view_filter ] --START--
INFO: Run ContentReplace Behavior [ RunTime:-0.027590s ]
INFO: Run TokenBuild Behavior [ RunTime:-0.027667s ]
INFO: Run WriteHtmlCache Behavior [ RunTime:-0.027725s ]
INFO: Run ShowRuntime Behavior [ RunTime:-0.027754s ]
INFO: [ view_filter ] --END-- [ RunTime:-0.003554s ]
INFO: [ view_end ] --START--
INFO: Run ShowPageTrace Behavior [ RunTime:-0.027900s ]
INFO: [ view_end ] --END-- [ RunTime:-0.003302s ]
INFO: [ view_template ] --START--
INFO: Run LocationTemplate Behavior [ RunTime:-0.028032s ]
INFO: [ view_template ] --END-- [ RunTime:-0.011651s ]
INFO: [ view_parse ] --START--
INFO: Run ParseTemplate Behavior [ RunTime:-0.028202s ]
INFO: [ view_parse ] --END-- [ RunTime:-0.005399s ]
INFO: [ view_filter ] --START--
INFO: Run ContentReplace Behavior [ RunTime:-0.029614s ]
INFO: Run TokenBuild Behavior [ RunTime:-0.029681s ]
INFO: Run WriteHtmlCache Behavior [ RunTime:-0.029740s ]
INFO: Run ShowRuntime Behavior [ RunTime:-0.029770s ]
INFO: [ view_filter ] --END-- [ RunTime:-0.005579s ]
INFO: [ view_end ] --START--
INFO: Run ShowPageTrace Behavior [ RunTime:-0.029915s ]
INFO: [ view_end ] --END-- [ RunTime:-0.005316s ]

[ 2012-12-15T15:03:15+08:00 ] 192.114.71.13 /index.php/Index
INFO: [ route_check ] --START--
INFO: Run CheckRoute Behavior [ RunTime:0.000680s ]
INFO: [ route_check ] --END-- [ RunTime:0.000762s ]
INFO: [ app_begin ] --START--
INFO: Run ReadHtmlCache Behavior [ RunTime:-0.000368s ]
INFO: [ app_begin ] --END-- [ RunTime:0.000506s ]
SQL: SHOW COLUMNS FROM `basic_column` [ RunTime:0.000342s ]
SQL: SELECT `id`,`parent_id`,`name`,`path`,`show`,`pic`,`action`,`sort` FROM `basic_column` WHERE ( `parent_id` = 0 ) AND ( `show` = 1 ) ORDER BY `sort` asc  [ RunTime:0.000224s ]
SQL: SELECT `id`,`parent_id`,`name`,`path`,`show`,`pic`,`action`,`sort` FROM `basic_column` WHERE ( `action` = 'index' ) LIMIT 1   [ RunTime:0.000139s ]
SQL: SHOW COLUMNS FROM `basic_slider` [ RunTime:0.000268s ]
SQL: SELECT `id`,`title`,`intro`,`url`,`pic` FROM `basic_slider`  [ RunTime:0.000138s ]
SQL: SELECT `id`,`parent_id`,`name`,`path`,`show`,`pic`,`action`,`sort` FROM `basic_column` WHERE ( `action` = 'about' ) LIMIT 1   [ RunTime:0.000126s ]
SQL: SELECT `id`,`parent_id`,`name`,`path`,`show`,`pic`,`action`,`sort` FROM `basic_column` WHERE ( `parent_id` = 2 ) ORDER BY id asc LIMIT 1   [ RunTime:0.000107s ]
SQL: SHOW COLUMNS FROM `basic_article` [ RunTime:0.000267s ]
SQL: SELECT `id`,`parent_id`,`title`,`content`,`createtime` FROM `basic_article` WHERE ( `parent_id` = 5 ) LIMIT 1   [ RunTime:0.000190s ]
INFO: [ view_template ] --START--
INFO: Run LocationTemplate Behavior [ RunTime:-0.012098s ]
INFO: [ view_template ] --END-- [ RunTime:0.000399s ]
INFO: [ view_parse ] --START--
INFO: Run ParseTemplate Behavior [ RunTime:-0.012542s ]
INFO: [ view_parse ] --END-- [ RunTime:0.006395s ]
INFO: [ view_filter ] --START--
INFO: Run ContentReplace Behavior [ RunTime:-0.018975s ]
INFO: Run TokenBuild Behavior [ RunTime:-0.019268s ]
INFO: Run WriteHtmlCache Behavior [ RunTime:-0.019556s ]
INFO: Run ShowRuntime Behavior [ RunTime:-0.019773s ]
INFO: [ view_filter ] --END-- [ RunTime:0.001187s ]
INFO: [ view_end ] --START--
INFO: Run ShowPageTrace Behavior [ RunTime:-0.020220s ]
INFO: [ view_end ] --END-- [ RunTime:0.000507s ]
INFO: [ view_template ] --START--
INFO: Run LocationTemplate Behavior [ RunTime:-0.020796s ]
INFO: [ view_template ] --END-- [ RunTime:-0.008320s ]
INFO: [ view_parse ] --START--
NOTIC: [2] file_get_contents(./Index/Tpl/default/Public/header.html) [<a href='function.file-get-contents'>function.file-get-contents</a>]: failed to open stream: No such file or directory /webhome/h249016/web/www/ThinkPHP/Lib/Template/ThinkTemplate.class.php 第 684 行.
NOTIC: [2] file_get_contents(./Index/Tpl/default/Public/footer.html) [<a href='function.file-get-contents'>function.file-get-contents</a>]: failed to open stream: No such file or directory /webhome/h249016/web/www/ThinkPHP/Lib/Template/ThinkTemplate.class.php 第 684 行.
INFO: Run ParseTemplate Behavior [ RunTime:-0.020965s ]
INFO: [ view_parse ] --END-- [ RunTime:-0.002029s ]
INFO: [ view_filter ] --START--
INFO: Run ContentReplace Behavior [ RunTime:-0.023595s ]
INFO: Run TokenBuild Behavior [ RunTime:-0.023679s ]
INFO: Run WriteHtmlCache Behavior [ RunTime:-0.023737s ]
INFO: Run ShowRuntime Behavior [ RunTime:-0.023767s ]
INFO: [ view_filter ] --END-- [ RunTime:-0.003433s ]
INFO: [ view_end ] --START--
INFO: Run ShowPageTrace Behavior [ RunTime:-0.023933s ]
INFO: [ view_end ] --END-- [ RunTime:-0.003197s ]
INFO: [ view_template ] --START--
INFO: Run LocationTemplate Behavior [ RunTime:-0.024059s ]
INFO: [ view_template ] --END-- [ RunTime:-0.011585s ]
INFO: [ view_parse ] --START--
INFO: Run ParseTemplate Behavior [ RunTime:-0.024234s ]
INFO: [ view_parse ] --END-- [ RunTime:-0.005302s ]
INFO: [ view_filter ] --START--
INFO: Run ContentReplace Behavior [ RunTime:-0.025677s ]
INFO: Run TokenBuild Behavior [ RunTime:-0.025744s ]
INFO: Run WriteHtmlCache Behavior [ RunTime:-0.025800s ]
INFO: Run ShowRuntime Behavior [ RunTime:-0.025830s ]
INFO: [ view_filter ] --END-- [ RunTime:-0.005514s ]
INFO: [ view_end ] --START--
INFO: Run ShowPageTrace Behavior [ RunTime:-0.025990s ]
INFO: [ view_end ] --END-- [ RunTime:-0.005264s ]

[ 2012-12-15T15:03:15+08:00 ] 192.114.71.13 /index.php/Index/news/id/14
INFO: [ route_check ] --START--
INFO: Run CheckRoute Behavior [ RunTime:0.000583s ]
INFO: [ route_check ] --END-- [ RunTime:0.000647s ]
INFO: [ app_begin ] --START--
INFO: Run ReadHtmlCache Behavior [ RunTime:-0.000341s ]
INFO: [ app_begin ] --END-- [ RunTime:0.000430s ]
SQL: SHOW COLUMNS FROM `basic_column` [ RunTime:0.000318s ]
SQL: SELECT `id`,`parent_id`,`name`,`path`,`show`,`pic`,`action`,`sort` FROM `basic_column` WHERE ( `parent_id` = 0 ) AND ( `show` = 1 ) ORDER BY `sort` asc  [ RunTime:0.000220s ]
SQL: SELECT `id`,`parent_id`,`name`,`path`,`show`,`pic`,`action`,`sort` FROM `basic_column` WHERE ( `action` = 'news' ) LIMIT 1   [ RunTime:0.000132s ]
SQL: SELECT `id`,`parent_id`,`name`,`path`,`show`,`pic`,`action`,`sort` FROM `basic_column` WHERE ( `action` = 'news' ) LIMIT 1   [ RunTime:0.000110s ]
SQL: SELECT `id`,`parent_id`,`name`,`path`,`show`,`pic`,`action`,`sort` FROM `basic_column` WHERE ( `parent_id` = 12 ) ORDER BY id asc  [ RunTime:0.000108s ]
SQL: SHOW COLUMNS FROM `basic_article` [ RunTime:0.000335s ]
SQL: SELECT `id`,`parent_id`,`title`,`content`,`createtime` FROM `basic_article` WHERE ( `parent_id` = 14 )  [ RunTime:0.000192s ]
INFO: [ view_template ] --START--
INFO: Run LocationTemplate Behavior [ RunTime:-0.009899s ]
INFO: [ view_template ] --END-- [ RunTime:0.000387s ]
INFO: [ view_parse ] --START--
INFO: Run ParseTemplate Behavior [ RunTime:-0.010344s ]
INFO: [ view_parse ] --END-- [ RunTime:0.006442s ]
INFO: [ view_filter ] --START--
INFO: Run ContentReplace Behavior [ RunTime:-0.016847s ]
INFO: Run TokenBuild Behavior [ RunTime:-0.017145s ]
INFO: Run WriteHtmlCache Behavior [ RunTime:-0.017443s ]
INFO: Run ShowRuntime Behavior [ RunTime:-0.017660s ]
INFO: [ view_filter ] --END-- [ RunTime:0.001210s ]
INFO: [ view_end ] --START--
INFO: Run ShowPageTrace Behavior [ RunTime:-0.018113s ]
INFO: [ view_end ] --END-- [ RunTime:0.000470s ]
INFO: [ view_template ] --START--
INFO: Run LocationTemplate Behavior [ RunTime:-0.018827s ]
INFO: [ view_template ] --END-- [ RunTime:-0.008546s ]
INFO: [ view_parse ] --START--
NOTIC: [2] file_get_contents(./Index/Tpl/default/Public/header.html) [<a href='function.file-get-contents'>function.file-get-contents</a>]: failed to open stream: No such file or directory /webhome/h249016/web/www/ThinkPHP/Lib/Template/ThinkTemplate.class.php 第 684 行.
NOTIC: [2] file_get_contents(./Index/Tpl/default/Public/footer.html) [<a href='function.file-get-contents'>function.file-get-contents</a>]: failed to open stream: No such file or directory /webhome/h249016/web/www/ThinkPHP/Lib/Template/ThinkTemplate.class.php 第 684 行.
INFO: Run ParseTemplate Behavior [ RunTime:-0.019000s ]
INFO: [ view_parse ] --END-- [ RunTime:-0.002219s ]
INFO: [ view_filter ] --START--
INFO: Run ContentReplace Behavior [ RunTime:-0.023575s ]
INFO: Run TokenBuild Behavior [ RunTime:-0.023657s ]
INFO: Run WriteHtmlCache Behavior [ RunTime:-0.023715s ]
INFO: Run ShowRuntime Behavior [ RunTime:-0.023745s ]
INFO: [ view_filter ] --END-- [ RunTime:-0.005519s ]
INFO: [ view_end ] --START--
INFO: Run ShowPageTrace Behavior [ RunTime:-0.023890s ]
INFO: [ view_end ] --END-- [ RunTime:-0.005307s ]
INFO: [ view_template ] --START--
INFO: Run LocationTemplate Behavior [ RunTime:-0.024018s ]
INFO: [ view_template ] --END-- [ RunTime:-0.013744s ]
INFO: [ view_parse ] --START--
INFO: Run ParseTemplate Behavior [ RunTime:-0.024176s ]
INFO: [ view_parse ] --END-- [ RunTime:-0.007398s ]
INFO: [ view_filter ] --START--
INFO: Run ContentReplace Behavior [ RunTime:-0.025615s ]
INFO: Run TokenBuild Behavior [ RunTime:-0.025692s ]
INFO: Run WriteHtmlCache Behavior [ RunTime:-0.025748s ]
INFO: Run ShowRuntime Behavior [ RunTime:-0.025776s ]
INFO: [ view_filter ] --END-- [ RunTime:-0.007560s ]
INFO: [ view_end ] --START--
INFO: Run ShowPageTrace Behavior [ RunTime:-0.025918s ]
INFO: [ view_end ] --END-- [ RunTime:-0.007335s ]

[ 2012-12-15T15:03:15+08:00 ] 192.114.71.13 /index.php/Index/products/id/9
INFO: [ route_check ] --START--
INFO: Run CheckRoute Behavior [ RunTime:0.000536s ]
INFO: [ route_check ] --END-- [ RunTime:0.000609s ]
INFO: [ app_begin ] --START--
INFO: Run ReadHtmlCache Behavior [ RunTime:-0.000325s ]
INFO: [ app_begin ] --END-- [ RunTime:0.000411s ]
SQL: SHOW COLUMNS FROM `basic_column` [ RunTime:0.000376s ]
SQL: SELECT `id`,`parent_id`,`name`,`path`,`show`,`pic`,`action`,`sort` FROM `basic_column` WHERE ( `parent_id` = 0 ) AND ( `show` = 1 ) ORDER BY `sort` asc  [ RunTime:0.000192s ]
SQL: SELECT `id`,`parent_id`,`name`,`path`,`show`,`pic`,`action`,`sort` FROM `basic_column` WHERE ( `action` = 'products' ) LIMIT 1   [ RunTime:0.000162s ]
SQL: SELECT `id`,`parent_id`,`name`,`path`,`show`,`pic`,`action`,`sort` FROM `basic_column` WHERE ( `action` = 'products' ) LIMIT 1   [ RunTime:0.000154s ]
SQL: SELECT `id`,`parent_id`,`name`,`path`,`show`,`pic`,`action`,`sort` FROM `basic_column` WHERE ( `parent_id` = 4 ) ORDER BY id asc  [ RunTime:0.000121s ]
SQL: SHOW COLUMNS FROM `basic_article` [ RunTime:0.000282s ]
SQL: SELECT `id`,`parent_id`,`title`,`content`,`createtime` FROM `basic_article` WHERE ( `parent_id` = 9 ) LIMIT 1   [ RunTime:0.000149s ]
INFO: [ view_template ] --START--
INFO: Run LocationTemplate Behavior [ RunTime:-0.009988s ]
INFO: [ view_template ] --END-- [ RunTime:0.000436s ]
INFO: [ view_parse ] --START--
INFO: Run ParseTemplate Behavior [ RunTime:-0.010485s ]
INFO: [ view_parse ] --END-- [ RunTime:0.005954s ]
INFO: [ view_filter ] --START--
INFO: Run ContentReplace Behavior [ RunTime:-0.016476s ]
INFO: Run TokenBuild Behavior [ RunTime:-0.016774s ]
INFO: Run WriteHtmlCache Behavior [ RunTime:-0.017055s ]
INFO: Run ShowRuntime Behavior [ RunTime:-0.017265s ]
INFO: [ view_filter ] --END-- [ RunTime:0.001149s ]
INFO: [ view_end ] --START--
INFO: Run ShowPageTrace Behavior [ RunTime:-0.017683s ]
INFO: [ view_end ] --END-- [ RunTime:0.000452s ]
INFO: [ view_template ] --START--
INFO: Run LocationTemplate Behavior [ RunTime:-0.018202s ]
INFO: [ view_template ] --END-- [ RunTime:-0.007782s ]
INFO: [ view_parse ] --START--
NOTIC: [2] file_get_contents(./Index/Tpl/default/Public/header.html) [<a href='function.file-get-contents'>function.file-get-contents</a>]: failed to open stream: No such file or directory /webhome/h249016/web/www/ThinkPHP/Lib/Template/ThinkTemplate.class.php 第 684 行.
NOTIC: [2] file_get_contents(./Index/Tpl/default/Public/footer.html) [<a href='function.file-get-contents'>function.file-get-contents</a>]: failed to open stream: No such file or directory /webhome/h249016/web/www/ThinkPHP/Lib/Template/ThinkTemplate.class.php 第 684 行.
NOTIC: [8] Undefined offset:  0 /webhome/h249016/web/www/Index/Runtime/Cache/c3e70fd2387e58155d8bdae694d35c7a.php 第 15 行.
NOTIC: [8] Undefined offset:  0 /webhome/h249016/web/www/Index/Runtime/Cache/c3e70fd2387e58155d8bdae694d35c7a.php 第 15 行.
NOTIC: [8] Undefined variable: islist /webhome/h249016/web/www/Index/Runtime/Cache/c3e70fd2387e58155d8bdae694d35c7a.php 第 19 行.
INFO: Run ParseTemplate Behavior [ RunTime:-0.018382s ]
INFO: [ view_parse ] --END-- [ RunTime:-0.001946s ]
INFO: [ view_filter ] --START--
INFO: Run ContentReplace Behavior [ RunTime:-0.022917s ]
INFO: Run TokenBuild Behavior [ RunTime:-0.022998s ]
INFO: Run WriteHtmlCache Behavior [ RunTime:-0.023056s ]
INFO: Run ShowRuntime Behavior [ RunTime:-0.023087s ]
INFO: [ view_filter ] --END-- [ RunTime:-0.005293s ]
INFO: [ view_end ] --START--
INFO: Run ShowPageTrace Behavior [ RunTime:-0.023241s ]
INFO: [ view_end ] --END-- [ RunTime:-0.005099s ]
INFO: [ view_template ] --START--
INFO: Run LocationTemplate Behavior [ RunTime:-0.023371s ]
INFO: [ view_template ] --END-- [ RunTime:-0.012951s ]
INFO: [ view_parse ] --START--
INFO: Run ParseTemplate Behavior [ RunTime:-0.023535s ]
INFO: [ view_parse ] --END-- [ RunTime:-0.007099s ]
INFO: [ view_filter ] --START--
INFO: Run ContentReplace Behavior [ RunTime:-0.025075s ]
INFO: Run TokenBuild Behavior [ RunTime:-0.025149s ]
INFO: Run WriteHtmlCache Behavior [ RunTime:-0.025206s ]
INFO: Run ShowRuntime Behavior [ RunTime:-0.025318s ]
INFO: [ view_filter ] --END-- [ RunTime:-0.007450s ]
INFO: [ view_end ] --START--
INFO: Run ShowPageTrace Behavior [ RunTime:-0.025466s ]
INFO: [ view_end ] --END-- [ RunTime:-0.007331s ]

[ 2012-12-15T15:03:16+08:00 ] 192.114.71.13 /index.php/Index/products/id/15
INFO: [ route_check ] --START--
INFO: Run CheckRoute Behavior [ RunTime:0.000667s ]
INFO: [ route_check ] --END-- [ RunTime:0.000739s ]
INFO: [ app_begin ] --START--
INFO: Run ReadHtmlCache Behavior [ RunTime:-0.000380s ]
INFO: [ app_begin ] --END-- [ RunTime:0.000500s ]
SQL: SHOW COLUMNS FROM `basic_column` [ RunTime:0.000323s ]
SQL: SELECT `id`,`parent_id`,`name`,`path`,`show`,`pic`,`action`,`sort` FROM `basic_column` WHERE ( `parent_id` = 0 ) AND ( `show` = 1 ) ORDER BY `sort` asc  [ RunTime:0.000154s ]
SQL: SELECT `id`,`parent_id`,`name`,`path`,`show`,`pic`,`action`,`sort` FROM `basic_column` WHERE ( `action` = 'products' ) LIMIT 1   [ RunTime:0.000176s ]
SQL: SELECT `id`,`parent_id`,`name`,`path`,`show`,`pic`,`action`,`sort` FROM `basic_column` WHERE ( `action` = 'products' ) LIMIT 1   [ RunTime:0.000158s ]
SQL: SELECT `id`,`parent_id`,`name`,`path`,`show`,`pic`,`action`,`sort` FROM `basic_column` WHERE ( `parent_id` = 4 ) ORDER BY id asc  [ RunTime:0.000135s ]
SQL: SHOW COLUMNS FROM `basic_article` [ RunTime:0.000288s ]
SQL: SELECT `id`,`parent_id`,`title`,`content`,`createtime` FROM `basic_article` WHERE ( `parent_id` = 15 ) LIMIT 1   [ RunTime:0.000113s ]
INFO: [ view_template ] --START--
INFO: Run LocationTemplate Behavior [ RunTime:-0.010559s ]
INFO: [ view_template ] --END-- [ RunTime:0.000336s ]
INFO: [ view_parse ] --START--
INFO: Run ParseTemplate Behavior [ RunTime:-0.010958s ]
INFO: [ view_parse ] --END-- [ RunTime:0.005587s ]
INFO: [ view_filter ] --START--
INFO: Run ContentReplace Behavior [ RunTime:-0.016577s ]
INFO: Run TokenBuild Behavior [ RunTime:-0.016830s ]
INFO: Run WriteHtmlCache Behavior [ RunTime:-0.017123s ]
INFO: Run ShowRuntime Behavior [ RunTime:-0.017316s ]
INFO: [ view_filter ] --END-- [ RunTime:0.001072s ]
INFO: [ view_end ] --START--
INFO: Run ShowPageTrace Behavior [ RunTime:-0.017697s ]
INFO: [ view_end ] --END-- [ RunTime:0.000444s ]
INFO: [ view_template ] --START--
INFO: Run LocationTemplate Behavior [ RunTime:-0.018196s ]
INFO: [ view_template ] --END-- [ RunTime:-0.007304s ]
INFO: [ view_parse ] --START--
NOTIC: [2] file_get_contents(./Index/Tpl/default/Public/header.html) [<a href='function.file-get-contents'>function.file-get-contents</a>]: failed to open stream: No such file or directory /webhome/h249016/web/www/ThinkPHP/Lib/Template/ThinkTemplate.class.php 第 684 行.
NOTIC: [2] file_get_contents(./Index/Tpl/default/Public/footer.html) [<a href='function.file-get-contents'>function.file-get-contents</a>]: failed to open stream: No such file or directory /webhome/h249016/web/www/ThinkPHP/Lib/Template/ThinkTemplate.class.php 第 684 行.
NOTIC: [8] Undefined offset:  0 /webhome/h249016/web/www/Index/Runtime/Cache/c3e70fd2387e58155d8bdae694d35c7a.php 第 15 行.
NOTIC: [8] Undefined offset:  0 /webhome/h249016/web/www/Index/Runtime/Cache/c3e70fd2387e58155d8bdae694d35c7a.php 第 15 行.
NOTIC: [8] Undefined variable: islist /webhome/h249016/web/www/Index/Runtime/Cache/c3e70fd2387e58155d8bdae694d35c7a.php 第 19 行.
INFO: Run ParseTemplate Behavior [ RunTime:-0.018342s ]
INFO: [ view_parse ] --END-- [ RunTime:-0.001799s ]
INFO: [ view_filter ] --START--
INFO: Run ContentReplace Behavior [ RunTime:-0.022345s ]
INFO: Run TokenBuild Behavior [ RunTime:-0.022408s ]
INFO: Run WriteHtmlCache Behavior [ RunTime:-0.022462s ]
INFO: Run ShowRuntime Behavior [ RunTime:-0.022490s ]
INFO: [ view_filter ] --END-- [ RunTime:-0.004697s ]
INFO: [ view_end ] --START--
INFO: Run ShowPageTrace Behavior [ RunTime:-0.022620s ]
INFO: [ view_end ] --END-- [ RunTime:-0.004479s ]
INFO: [ view_template ] --START--
INFO: Run LocationTemplate Behavior [ RunTime:-0.022733s ]
INFO: [ view_template ] --END-- [ RunTime:-0.011843s ]
INFO: [ view_parse ] --START--
INFO: Run ParseTemplate Behavior [ RunTime:-0.022879s ]
INFO: [ view_parse ] --END-- [ RunTime:-0.006336s ]
INFO: [ view_filter ] --START--
INFO: Run ContentReplace Behavior [ RunTime:-0.024113s ]
INFO: Run TokenBuild Behavior [ RunTime:-0.024170s ]
INFO: Run WriteHtmlCache Behavior [ RunTime:-0.024223s ]
INFO: Run ShowRuntime Behavior [ RunTime:-0.024250s ]
INFO: [ view_filter ] --END-- [ RunTime:-0.006464s ]
INFO: [ view_end ] --START--
INFO: Run ShowPageTrace Behavior [ RunTime:-0.024377s ]
INFO: [ view_end ] --END-- [ RunTime:-0.006236s ]

[ 2012-12-15T15:03:16+08:00 ] 192.114.71.13 /index.php/Index/products/id/10
INFO: [ route_check ] --START--
INFO: Run CheckRoute Behavior [ RunTime:0.000516s ]
INFO: [ route_check ] --END-- [ RunTime:0.000574s ]
INFO: [ app_begin ] --START--
INFO: Run ReadHtmlCache Behavior [ RunTime:-0.000306s ]
INFO: [ app_begin ] --END-- [ RunTime:0.000390s ]
SQL: SHOW COLUMNS FROM `basic_column` [ RunTime:0.000416s ]
SQL: SELECT `id`,`parent_id`,`name`,`path`,`show`,`pic`,`action`,`sort` FROM `basic_column` WHERE ( `parent_id` = 0 ) AND ( `show` = 1 ) ORDER BY `sort` asc  [ RunTime:0.000194s ]
SQL: SELECT `id`,`parent_id`,`name`,`path`,`show`,`pic`,`action`,`sort` FROM `basic_column` WHERE ( `action` = 'products' ) LIMIT 1   [ RunTime:0.000176s ]
SQL: SELECT `id`,`parent_id`,`name`,`path`,`show`,`pic`,`action`,`sort` FROM `basic_column` WHERE ( `action` = 'products' ) LIMIT 1   [ RunTime:0.000146s ]
SQL: SELECT `id`,`parent_id`,`name`,`path`,`show`,`pic`,`action`,`sort` FROM `basic_column` WHERE ( `parent_id` = 4 ) ORDER BY id asc  [ RunTime:0.000127s ]
SQL: SHOW COLUMNS FROM `basic_article` [ RunTime:0.000258s ]
SQL: SELECT `id`,`parent_id`,`title`,`content`,`createtime` FROM `basic_article` WHERE ( `parent_id` = 10 ) LIMIT 1   [ RunTime:0.000137s ]
INFO: [ view_template ] --START--
INFO: Run LocationTemplate Behavior [ RunTime:-0.009831s ]
INFO: [ view_template ] --END-- [ RunTime:0.000444s ]
INFO: [ view_parse ] --START--
INFO: Run ParseTemplate Behavior [ RunTime:-0.010347s ]
INFO: [ view_parse ] --END-- [ RunTime:0.006780s ]
INFO: [ view_filter ] --START--
INFO: Run ContentReplace Behavior [ RunTime:-0.017154s ]
INFO: Run TokenBuild Behavior [ RunTime:-0.017413s ]
INFO: Run WriteHtmlCache Behavior [ RunTime:-0.017684s ]
INFO: Run ShowRuntime Behavior [ RunTime:-0.017888s ]
INFO: [ view_filter ] --END-- [ RunTime:0.001073s ]
INFO: [ view_end ] --START--
INFO: Run ShowPageTrace Behavior [ RunTime:-0.018277s ]
INFO: [ view_end ] --END-- [ RunTime:0.000425s ]
INFO: [ view_template ] --START--
INFO: Run LocationTemplate Behavior [ RunTime:-0.018762s ]
INFO: [ view_template ] --END-- [ RunTime:-0.008495s ]
INFO: [ view_parse ] --START--
NOTIC: [2] file_get_contents(./Index/Tpl/default/Public/header.html) [<a href='function.file-get-contents'>function.file-get-contents</a>]: failed to open stream: No such file or directory /webhome/h249016/web/www/ThinkPHP/Lib/Template/ThinkTemplate.class.php 第 684 行.
NOTIC: [2] file_get_contents(./Index/Tpl/default/Public/footer.html) [<a href='function.file-get-contents'>function.file-get-contents</a>]: failed to open stream: No such file or directory /webhome/h249016/web/www/ThinkPHP/Lib/Template/ThinkTemplate.class.php 第 684 行.
NOTIC: [8] Undefined offset:  0 /webhome/h249016/web/www/Index/Runtime/Cache/c3e70fd2387e58155d8bdae694d35c7a.php 第 15 行.
NOTIC: [8] Undefined offset:  0 /webhome/h249016/web/www/Index/Runtime/Cache/c3e70fd2387e58155d8bdae694d35c7a.php 第 15 行.
NOTIC: [8] Undefined variable: islist /webhome/h249016/web/www/Index/Runtime/Cache/c3e70fd2387e58155d8bdae694d35c7a.php 第 19 行.
INFO: Run ParseTemplate Behavior [ RunTime:-0.018918s ]
INFO: [ view_parse ] --END-- [ RunTime:-0.001798s ]
INFO: [ view_filter ] --START--
INFO: Run ContentReplace Behavior [ RunTime:-0.022885s ]
INFO: Run TokenBuild Behavior [ RunTime:-0.022953s ]
INFO: Run WriteHtmlCache Behavior [ RunTime:-0.023007s ]
INFO: Run ShowRuntime Behavior [ RunTime:-0.023034s ]
INFO: [ view_filter ] --END-- [ RunTime:-0.004658s ]
INFO: [ view_end ] --START--
INFO: Run ShowPageTrace Behavior [ RunTime:-0.023164s ]
INFO: [ view_end ] --END-- [ RunTime:-0.004463s ]
INFO: [ view_template ] --START--
INFO: Run LocationTemplate Behavior [ RunTime:-0.023277s ]
INFO: [ view_template ] --END-- [ RunTime:-0.013011s ]
INFO: [ view_parse ] --START--
INFO: Run ParseTemplate Behavior [ RunTime:-0.023418s ]
INFO: [ view_parse ] --END-- [ RunTime:-0.006298s ]
INFO: [ view_filter ] --START--
INFO: Run ContentReplace Behavior [ RunTime:-0.024648s ]
INFO: Run TokenBuild Behavior [ RunTime:-0.024767s ]
INFO: Run WriteHtmlCache Behavior [ RunTime:-0.024821s ]
INFO: Run ShowRuntime Behavior [ RunTime:-0.024848s ]
INFO: [ view_filter ] --END-- [ RunTime:-0.006421s ]
INFO: [ view_end ] --START--
INFO: Run ShowPageTrace Behavior [ RunTime:-0.024996s ]
INFO: [ view_end ] --END-- [ RunTime:-0.006295s ]

[ 2012-12-15T20:00:31+08:00 ] 178.154.161.29 /index.php/Index/news
INFO: [ route_check ] --START--
INFO: Run CheckRoute Behavior [ RunTime:0.000517s ]
INFO: [ route_check ] --END-- [ RunTime:0.000577s ]
INFO: [ app_begin ] --START--
INFO: Run ReadHtmlCache Behavior [ RunTime:-0.000448s ]
INFO: [ app_begin ] --END-- [ RunTime:0.000395s ]
SQL: SHOW COLUMNS FROM `basic_column` [ RunTime:0.020632s ]
SQL: SELECT `id`,`parent_id`,`name`,`path`,`show`,`pic`,`action`,`sort` FROM `basic_column` WHERE ( `parent_id` = 0 ) AND ( `show` = 1 ) ORDER BY `sort` asc  [ RunTime:0.000203s ]
SQL: SELECT `id`,`parent_id`,`name`,`path`,`show`,`pic`,`action`,`sort` FROM `basic_column` WHERE ( `action` = 'news' ) LIMIT 1   [ RunTime:0.000575s ]
SQL: SELECT `id`,`parent_id`,`name`,`path`,`show`,`pic`,`action`,`sort` FROM `basic_column` WHERE ( `action` = 'news' ) LIMIT 1   [ RunTime:0.000103s ]
SQL: SELECT `id`,`parent_id`,`name`,`path`,`show`,`pic`,`action`,`sort` FROM `basic_column` WHERE ( `parent_id` = 12 ) ORDER BY id asc  [ RunTime:0.000079s ]
SQL: SHOW COLUMNS FROM `basic_article` [ RunTime:0.000530s ]
SQL: SELECT `id`,`parent_id`,`title`,`content`,`createtime` FROM `basic_article` WHERE ( `parent_id` = 11 )  [ RunTime:0.000115s ]
INFO: [ view_template ] --START--
INFO: Run LocationTemplate Behavior [ RunTime:-0.030875s ]
INFO: [ view_template ] --END-- [ RunTime:0.000398s ]
INFO: [ view_parse ] --START--
INFO: Run ParseTemplate Behavior [ RunTime:-0.031324s ]
INFO: [ view_parse ] --END-- [ RunTime:0.028347s ]
INFO: [ view_filter ] --START--
INFO: Run ContentReplace Behavior [ RunTime:-0.059712s ]
INFO: Run TokenBuild Behavior [ RunTime:-0.060011s ]
INFO: Run WriteHtmlCache Behavior [ RunTime:-0.060297s ]
INFO: Run ShowRuntime Behavior [ RunTime:-0.060501s ]
INFO: [ view_filter ] --END-- [ RunTime:0.001143s ]
INFO: [ view_end ] --START--
INFO: Run ShowPageTrace Behavior [ RunTime:-0.060908s ]
INFO: [ view_end ] --END-- [ RunTime:0.000442s ]
INFO: [ view_template ] --START--
INFO: Run LocationTemplate Behavior [ RunTime:-0.061415s ]
INFO: [ view_template ] --END-- [ RunTime:-0.030150s ]
INFO: [ view_parse ] --START--
NOTIC: [2] file_get_contents(./Index/Tpl/default/Public/header.html) [<a href='function.file-get-contents'>function.file-get-contents</a>]: failed to open stream: No such file or directory /webhome/h249016/web/www/ThinkPHP/Lib/Template/ThinkTemplate.class.php 第 684 行.
NOTIC: [2] file_get_contents(./Index/Tpl/default/Public/footer.html) [<a href='function.file-get-contents'>function.file-get-contents</a>]: failed to open stream: No such file or directory /webhome/h249016/web/www/ThinkPHP/Lib/Template/ThinkTemplate.class.php 第 684 行.
INFO: Run ParseTemplate Behavior [ RunTime:-0.061569s ]
INFO: [ view_parse ] --END-- [ RunTime:-0.001899s ]
INFO: [ view_filter ] --START--
INFO: Run ContentReplace Behavior [ RunTime:-0.065748s ]
INFO: Run TokenBuild Behavior [ RunTime:-0.065817s ]
INFO: Run WriteHtmlCache Behavior [ RunTime:-0.065874s ]
INFO: Run ShowRuntime Behavior [ RunTime:-0.065903s ]
INFO: [ view_filter ] --END-- [ RunTime:-0.004893s ]
INFO: [ view_end ] --START--
INFO: Run ShowPageTrace Behavior [ RunTime:-0.066040s ]
INFO: [ view_end ] --END-- [ RunTime:-0.004690s ]
INFO: [ view_template ] --START--
INFO: Run LocationTemplate Behavior [ RunTime:-0.066178s ]
INFO: [ view_template ] --END-- [ RunTime:-0.034913s ]
INFO: [ view_parse ] --START--
INFO: Run ParseTemplate Behavior [ RunTime:-0.066336s ]
INFO: [ view_parse ] --END-- [ RunTime:-0.006666s ]
INFO: [ view_filter ] --START--
INFO: Run ContentReplace Behavior [ RunTime:-0.067621s ]
INFO: Run TokenBuild Behavior [ RunTime:-0.067681s ]
INFO: Run WriteHtmlCache Behavior [ RunTime:-0.067736s ]
INFO: Run ShowRuntime Behavior [ RunTime:-0.067764s ]
INFO: [ view_filter ] --END-- [ RunTime:-0.006766s ]
INFO: [ view_end ] --START--
INFO: Run ShowPageTrace Behavior [ RunTime:-0.067896s ]
INFO: [ view_end ] --END-- [ RunTime:-0.006546s ]

[ 2012-12-15T20:22:30+08:00 ] 119.146.223.130 /
INFO: [ app_begin ] --START--
INFO: Run ReadHtmlCache Behavior [ RunTime:0.000488s ]
INFO: [ app_begin ] --END-- [ RunTime:0.000569s ]
SQL: SHOW COLUMNS FROM `basic_column` [ RunTime:0.000429s ]
SQL: SELECT `id`,`parent_id`,`name`,`path`,`show`,`pic`,`action`,`sort` FROM `basic_column` WHERE ( `parent_id` = 0 ) AND ( `show` = 1 ) ORDER BY `sort` asc  [ RunTime:0.000162s ]
SQL: SELECT `id`,`parent_id`,`name`,`path`,`show`,`pic`,`action`,`sort` FROM `basic_column` WHERE ( `action` = 'index' ) LIMIT 1   [ RunTime:0.000122s ]
SQL: SHOW COLUMNS FROM `basic_slider` [ RunTime:0.012713s ]
SQL: SELECT `id`,`title`,`intro`,`url`,`pic` FROM `basic_slider`  [ RunTime:0.000084s ]
SQL: SELECT `id`,`parent_id`,`name`,`path`,`show`,`pic`,`action`,`sort` FROM `basic_column` WHERE ( `action` = 'about' ) LIMIT 1   [ RunTime:0.000084s ]
SQL: SELECT `id`,`parent_id`,`name`,`path`,`show`,`pic`,`action`,`sort` FROM `basic_column` WHERE ( `parent_id` = 2 ) ORDER BY id asc LIMIT 1   [ RunTime:0.000076s ]
SQL: SHOW COLUMNS FROM `basic_article` [ RunTime:0.000267s ]
SQL: SELECT `id`,`parent_id`,`title`,`content`,`createtime` FROM `basic_article` WHERE ( `parent_id` = 5 ) LIMIT 1   [ RunTime:0.000136s ]
INFO: [ view_template ] --START--
INFO: Run LocationTemplate Behavior [ RunTime:-0.024249s ]
INFO: [ view_template ] --END-- [ RunTime:0.000363s ]
INFO: [ view_parse ] --START--
INFO: Run ParseTemplate Behavior [ RunTime:-0.024678s ]
INFO: [ view_parse ] --END-- [ RunTime:0.006473s ]
INFO: [ view_filter ] --START--
INFO: Run ContentReplace Behavior [ RunTime:-0.031173s ]
INFO: Run TokenBuild Behavior [ RunTime:-0.031434s ]
INFO: Run WriteHtmlCache Behavior [ RunTime:-0.031779s ]
INFO: Run ShowRuntime Behavior [ RunTime:-0.031986s ]
INFO: [ view_filter ] --END-- [ RunTime:0.001188s ]
INFO: [ view_end ] --START--
INFO: Run ShowPageTrace Behavior [ RunTime:-0.032429s ]
INFO: [ view_end ] --END-- [ RunTime:0.000493s ]
INFO: [ view_template ] --START--
INFO: Run LocationTemplate Behavior [ RunTime:-0.032976s ]
INFO: [ view_template ] --END-- [ RunTime:-0.008371s ]
INFO: [ view_parse ] --START--
NOTIC: [2] file_get_contents(./Index/Tpl/default/Public/header.html) [<a href='function.file-get-contents'>function.file-get-contents</a>]: failed to open stream: No such file or directory /webhome/h249016/web/www/ThinkPHP/Lib/Template/ThinkTemplate.class.php 第 684 行.
NOTIC: [2] file_get_contents(./Index/Tpl/default/Public/footer.html) [<a href='function.file-get-contents'>function.file-get-contents</a>]: failed to open stream: No such file or directory /webhome/h249016/web/www/ThinkPHP/Lib/Template/ThinkTemplate.class.php 第 684 行.
INFO: Run ParseTemplate Behavior [ RunTime:-0.033238s ]
INFO: [ view_parse ] --END-- [ RunTime:-0.002094s ]
INFO: [ view_filter ] --START--
INFO: Run ContentReplace Behavior [ RunTime:-0.035825s ]
INFO: Run TokenBuild Behavior [ RunTime:-0.035919s ]
INFO: Run WriteHtmlCache Behavior [ RunTime:-0.035975s ]
INFO: Run ShowRuntime Behavior [ RunTime:-0.036003s ]
INFO: [ view_filter ] --END-- [ RunTime:-0.003460s ]
INFO: [ view_end ] --START--
INFO: Run ShowPageTrace Behavior [ RunTime:-0.036152s ]
INFO: [ view_end ] --END-- [ RunTime:-0.003235s ]
INFO: [ view_template ] --START--
INFO: Run LocationTemplate Behavior [ RunTime:-0.036271s ]
INFO: [ view_template ] --END-- [ RunTime:-0.011666s ]
INFO: [ view_parse ] --START--
INFO: Run ParseTemplate Behavior [ RunTime:-0.036419s ]
INFO: [ view_parse ] --END-- [ RunTime:-0.005284s ]
INFO: [ view_filter ] --START--
INFO: Run ContentReplace Behavior [ RunTime:-0.037679s ]
INFO: Run TokenBuild Behavior [ RunTime:-0.037737s ]
INFO: Run WriteHtmlCache Behavior [ RunTime:-0.037791s ]
INFO: Run ShowRuntime Behavior [ RunTime:-0.037819s ]
INFO: [ view_filter ] --END-- [ RunTime:-0.005319s ]
INFO: [ view_end ] --START--
INFO: Run ShowPageTrace Behavior [ RunTime:-0.037950s ]
INFO: [ view_end ] --END-- [ RunTime:-0.005032s ]

[ 2012-12-15T20:51:21+08:00 ] 178.154.161.29 /index.php/Index/products
INFO: [ route_check ] --START--
INFO: Run CheckRoute Behavior [ RunTime:0.000657s ]
INFO: [ route_check ] --END-- [ RunTime:0.000731s ]
INFO: [ app_begin ] --START--
INFO: Run ReadHtmlCache Behavior [ RunTime:-0.000365s ]
INFO: [ app_begin ] --END-- [ RunTime:0.000498s ]
SQL: SHOW COLUMNS FROM `basic_column` [ RunTime:0.000480s ]
SQL: SELECT `id`,`parent_id`,`name`,`path`,`show`,`pic`,`action`,`sort` FROM `basic_column` WHERE ( `parent_id` = 0 ) AND ( `show` = 1 ) ORDER BY `sort` asc  [ RunTime:0.000155s ]
SQL: SELECT `id`,`parent_id`,`name`,`path`,`show`,`pic`,`action`,`sort` FROM `basic_column` WHERE ( `action` = 'products' ) LIMIT 1   [ RunTime:0.000145s ]
SQL: SELECT `id`,`parent_id`,`name`,`path`,`show`,`pic`,`action`,`sort` FROM `basic_column` WHERE ( `action` = 'products' ) LIMIT 1   [ RunTime:0.000151s ]
SQL: SELECT `id`,`parent_id`,`name`,`path`,`show`,`pic`,`action`,`sort` FROM `basic_column` WHERE ( `parent_id` = 4 ) ORDER BY id asc  [ RunTime:0.000102s ]
SQL: SHOW COLUMNS FROM `basic_article` [ RunTime:0.000333s ]
SQL: SELECT `id`,`parent_id`,`title`,`content`,`createtime` FROM `basic_article` WHERE ( `parent_id` = 9 ) LIMIT 1   [ RunTime:0.000119s ]
INFO: [ view_template ] --START--
INFO: Run LocationTemplate Behavior [ RunTime:-0.009944s ]
INFO: [ view_template ] --END-- [ RunTime:0.000326s ]
INFO: [ view_parse ] --START--
INFO: Run ParseTemplate Behavior [ RunTime:-0.010335s ]
INFO: [ view_parse ] --END-- [ RunTime:0.005654s ]
INFO: [ view_filter ] --START--
INFO: Run ContentReplace Behavior [ RunTime:-0.016021s ]
INFO: Run TokenBuild Behavior [ RunTime:-0.016283s ]
INFO: Run WriteHtmlCache Behavior [ RunTime:-0.016554s ]
INFO: Run ShowRuntime Behavior [ RunTime:-0.016750s ]
INFO: [ view_filter ] --END-- [ RunTime:0.001068s ]
INFO: [ view_end ] --START--
INFO: Run ShowPageTrace Behavior [ RunTime:-0.017142s ]
INFO: [ view_end ] --END-- [ RunTime:0.000424s ]
INFO: [ view_template ] --START--
INFO: Run LocationTemplate Behavior [ RunTime:-0.017624s ]
INFO: [ view_template ] --END-- [ RunTime:-0.007357s ]
INFO: [ view_parse ] --START--
NOTIC: [2] file_get_contents(./Index/Tpl/default/Public/header.html) [<a href='function.file-get-contents'>function.file-get-contents</a>]: failed to open stream: No such file or directory /webhome/h249016/web/www/ThinkPHP/Lib/Template/ThinkTemplate.class.php 第 684 行.
NOTIC: [2] file_get_contents(./Index/Tpl/default/Public/footer.html) [<a href='function.file-get-contents'>function.file-get-contents</a>]: failed to open stream: No such file or directory /webhome/h249016/web/www/ThinkPHP/Lib/Template/ThinkTemplate.class.php 第 684 行.
NOTIC: [8] Undefined offset:  0 /webhome/h249016/web/www/Index/Runtime/Cache/c3e70fd2387e58155d8bdae694d35c7a.php 第 15 行.
NOTIC: [8] Undefined offset:  0 /webhome/h249016/web/www/Index/Runtime/Cache/c3e70fd2387e58155d8bdae694d35c7a.php 第 15 行.
NOTIC: [8] Undefined variable: islist /webhome/h249016/web/www/Index/Runtime/Cache/c3e70fd2387e58155d8bdae694d35c7a.php 第 19 行.
INFO: Run ParseTemplate Behavior [ RunTime:-0.017774s ]
INFO: [ view_parse ] --END-- [ RunTime:-0.001787s ]
INFO: [ view_filter ] --START--
INFO: Run ContentReplace Behavior [ RunTime:-0.021910s ]
INFO: Run TokenBuild Behavior [ RunTime:-0.021980s ]
INFO: Run WriteHtmlCache Behavior [ RunTime:-0.022036s ]
INFO: Run ShowRuntime Behavior [ RunTime:-0.022064s ]
INFO: [ view_filter ] --END-- [ RunTime:-0.004821s ]
INFO: [ view_end ] --START--
INFO: Run ShowPageTrace Behavior [ RunTime:-0.022201s ]
INFO: [ view_end ] --END-- [ RunTime:-0.004635s ]
INFO: [ view_template ] --START--
INFO: Run LocationTemplate Behavior [ RunTime:-0.022336s ]
INFO: [ view_template ] --END-- [ RunTime:-0.012069s ]
INFO: [ view_parse ] --START--
INFO: Run ParseTemplate Behavior [ RunTime:-0.022485s ]
INFO: [ view_parse ] --END-- [ RunTime:-0.006500s ]
INFO: [ view_filter ] --START--
INFO: Run ContentReplace Behavior [ RunTime:-0.023725s ]
INFO: Run TokenBuild Behavior [ RunTime:-0.023784s ]
INFO: Run WriteHtmlCache Behavior [ RunTime:-0.023838s ]
INFO: Run ShowRuntime Behavior [ RunTime:-0.023865s ]
INFO: [ view_filter ] --END-- [ RunTime:-0.006636s ]
INFO: [ view_end ] --START--
INFO: Run ShowPageTrace Behavior [ RunTime:-0.023998s ]
INFO: [ view_end ] --END-- [ RunTime:-0.006432s ]

